{"meta": {"format": 3, "version": "7.13.4", "timestamp": "2026-03-09T13:59:36.293473", "branch_coverage": false, "show_contexts": false}, "files": {"src/value_investment/__init__.py": {"executed_lines": [2, 4], "summary": {"covered_lines": 2, "num_statements": 2, "percent_covered": 100.0, "percent_covered_display": "100", "missing_lines": 0, "excluded_lines": 0, "percent_statements_covered": 100.0, "percent_statements_covered_display": "100"}, "missing_lines": [], "excluded_lines": [], "functions": {"": {"executed_lines": [2, 4], "summary": {"covered_lines": 2, "num_statements": 2, "percent_covered": 100.0, "percent_covered_display": "100", "missing_lines": 0, "excluded_lines": 0, "percent_statements_covered": 100.0, "percent_statements_covered_display": "100"}, "missing_lines": [], "excluded_lines": [], "start_line": 1}}, "classes": {"": {"executed_lines": [2, 4], "summary": {"covered_lines": 2, "num_statements": 2, "percent_covered": 100.0, "percent_covered_display": "100", "missing_lines": 0, "excluded_lines": 0, "percent_statements_covered": 100.0, "percent_statements_covered_display": "100"}, "missing_lines": [], "excluded_lines": [], "start_line": 1}}}, "src/value_investment/__main__.py": {"executed_lines": [], "summary": {"covered_lines": 0, "num_statements": 3, "percent_covered": 0.0, "percent_covered_display": "0", "missing_lines": 3, "excluded_lines": 0, "percent_statements_covered": 0.0, "percent_statements_covered_display": "0"}, "missing_lines": [2, 4, 5], "excluded_lines": [], "functions": {"": {"executed_lines": [], "summary": {"covered_lines": 0, "num_statements": 3, "percent_covered": 0.0, "percent_covered_display": "0", "missing_lines": 3, "excluded_lines": 0, "percent_statements_covered": 0.0, "percent_statements_covered_display": "0"}, "missing_lines": [2, 4, 5], "excluded_lines": [], "start_line": 1}}, "classes": {"": {"executed_lines": [], "summary": {"covered_lines": 0, "num_statements": 3, "percent_covered": 0.0, "percent_covered_display": "0", "missing_lines": 3, "excluded_lines": 0, "percent_statements_covered": 0.0, "percent_statements_covered_display": "0"}, "missing_lines": [2, 4, 5], "excluded_lines": [], "start_line": 1}}}, "src/value_investment/analysis/__init__.py": {"executed_lines": [2, 4], "summary": {"covered_lines": 2, "num_statements": 2, "percent_covered": 100.0, "percent_covered_display": "100", "missing_lines": 0, "excluded_lines": 0, "percent_statements_covered": 100.0, "percent_statements_covered_display": "100"}, "missing_lines": [], "excluded_lines": [], "functions": {"": {"executed_lines": [2, 4], "summary": {"covered_lines": 2, "num_statements": 2, "percent_covered": 100.0, "percent_covered_display": "100", "missing_lines": 0, "excluded_lines": 0, "percent_statements_covered": 100.0, "percent_statements_covered_display": "100"}, "missing_lines": [], "excluded_lines": [], "start_line": 1}}, "classes": {"": {"executed_lines": [2, 4], "summary": {"covered_lines": 2, "num_statements": 2, "percent_covered": 100.0, "percent_covered_display": "100", "missing_lines": 0, "excluded_lines": 0, "percent_statements_covered": 100.0, "percent_statements_covered_display": "100"}, "missing_lines": [], "excluded_lines": [], "start_line": 1}}}, "src/value_investment/analysis/detector.py": {"executed_lines": [3, 6, 25, 26, 28, 29, 32, 33, 34, 35, 36, 37, 41, 42, 43, 44, 47, 48, 49, 52, 53, 54, 55, 56, 57, 60, 61, 62, 63, 65], "summary": {"covered_lines": 30, "num_statements": 30, "percent_covered": 100.0, "percent_covered_display": "100", "missing_lines": 0, "excluded_lines": 0, "percent_statements_covered": 100.0, "percent_statements_covered_display": "100"}, "missing_lines": [], "excluded_lines": [], "functions": {"detect_warnings": {"executed_lines": [25, 26, 28, 29, 32, 33, 34, 35, 36, 37, 41, 42, 43, 44, 47, 48, 49, 52, 53, 54, 55, 56, 57, 60, 61, 62, 63, 65], "summary": {"covered_lines": 28, "num_statements": 28, "percent_covered": 100.0, "percent_covered_display": "100", "missing_lines": 0, "excluded_lines": 0, "percent_statements_covered": 100.0, "percent_statements_covered_display": "100"}, "missing_lines": [], "excluded_lines": [], "start_line": 6}, "": {"executed_lines": [3, 6], "summary": {"covered_lines": 2, "num_statements": 2, "percent_covered": 100.0, "percent_covered_display": "100", "missing_lines": 0, "excluded_lines": 0, "percent_statements_covered": 100.0, "percent_statements_covered_display": "100"}, "missing_lines": [], "excluded_lines": [], "start_line": 1}}, "classes": {"": {"executed_lines": [3, 6, 25, 26, 28, 29, 32, 33, 34, 35, 36, 37, 41, 42, 43, 44, 47, 48, 49, 52, 53, 54, 55, 56, 57, 60, 61, 62, 63, 65], "summary": {"covered_lines": 30, "num_statements": 30, "percent_covered": 100.0, "percent_covered_display": "100", "missing_lines": 0, "excluded_lines": 0, "percent_statements_covered": 100.0, "percent_statements_covered_display": "100"}, "missing_lines": [], "excluded_lines": [], "start_line": 1}}}, "src/value_investment/analysis/reporter.py": {"executed_lines": [2, 4, 7, 24, 25, 26, 27, 28, 29, 32, 35, 36, 37, 38, 39, 40, 43, 44, 45, 46, 47, 48, 49, 50, 51, 52, 55, 56, 57, 60, 63, 64, 66, 67, 70, 71, 72, 74, 77, 78, 79, 80, 81, 82, 85, 86, 87, 88, 89, 90, 92], "summary": {"covered_lines": 51, "num_statements": 51, "percent_covered": 100.0, "percent_covered_display": "100", "missing_lines": 0, "excluded_lines": 0, "percent_statements_covered": 100.0, "percent_statements_covered_display": "100"}, "missing_lines": [], "excluded_lines": [], "functions": {"generate_report": {"executed_lines": [24, 25, 26, 27, 28, 29, 32, 35, 36, 37, 38, 39, 40, 43, 44, 45, 46, 47, 48, 49, 50, 51, 52, 55, 56, 57, 60, 63, 64, 66, 67, 70, 71, 72, 74, 77, 78, 79, 80, 81, 82, 85, 86, 87, 88, 89, 90, 92], "summary": {"covered_lines": 48, "num_statements": 48, "percent_covered": 100.0, "percent_covered_display": "100", "missing_lines": 0, "excluded_lines": 0, "percent_statements_covered": 100.0, "percent_statements_covered_display": "100"}, "missing_lines": [], "excluded_lines": [], "start_line": 7}, "": {"executed_lines": [2, 4, 7], "summary": {"covered_lines": 3, "num_statements": 3, "percent_covered": 100.0, "percent_covered_display": "100", "missing_lines": 0, "excluded_lines": 0, "percent_statements_covered": 100.0, "percent_statements_covered_display": "100"}, "missing_lines": [], "excluded_lines": [], "start_line": 1}}, "classes": {"": {"executed_lines": [2, 4, 7, 24, 25, 26, 27, 28, 29, 32, 35, 36, 37, 38, 39, 40, 43, 44, 45, 46, 47, 48, 49, 50, 51, 52, 55, 56, 57, 60, 63, 64, 66, 67, 70, 71, 72, 74, 77, 78, 79, 80, 81, 82, 85, 86, 87, 88, 89, 90, 92], "summary": {"covered_lines": 51, "num_statements": 51, "percent_covered": 100.0, "percent_covered_display": "100", "missing_lines": 0, "excluded_lines": 0, "percent_statements_covered": 100.0, "percent_statements_covered_display": "100"}, "missing_lines": [], "excluded_lines": [], "start_line": 1}}}, "src/value_investment/api.py": {"executed_lines": [6, 8, 10, 17, 18, 19, 20, 21, 22, 29, 31, 34, 37, 38, 39, 41, 42, 43, 44, 45, 47, 50, 52, 55, 57, 65, 75, 84, 85, 87, 90, 91, 94, 97, 100, 101, 104, 106, 107, 116, 119, 122, 123, 124, 127, 128, 131, 132, 137, 147, 148, 150, 151, 154, 172, 194, 198, 220, 222, 223, 224, 226, 248, 249, 250, 251, 252, 254, 276, 278, 279, 280, 282, 295, 393, 417, 420, 421, 422, 423, 425, 426, 427, 445, 467, 469, 472, 478, 479, 480, 484, 485, 486, 489, 490, 493, 494, 495, 497, 501, 504, 507, 509, 518, 521, 524, 525, 526, 531, 532, 533, 534, 535, 536, 542, 544, 556, 557, 559, 561, 562, 563, 566, 567, 568, 569, 572, 573, 577, 578, 580, 582, 599, 600, 601, 604, 605, 606, 609, 611, 615, 616, 617, 618, 621, 622, 625, 626, 629, 633, 634, 635, 637, 640, 643, 644, 645, 648, 650, 652, 653, 654, 656, 660, 661, 662, 663, 665, 666, 667, 669, 671, 702, 703, 704, 706, 707, 709, 710, 711, 712, 713, 714, 719, 722, 723, 726, 727, 728, 729, 730, 731, 732, 733, 736, 748, 751, 753, 754, 757, 758, 760, 761, 763, 764, 765, 770, 773, 774, 777, 778, 780, 782, 784, 787, 808, 809, 810, 811, 812, 813, 815, 823, 824, 827, 828, 829, 830, 831, 832, 833, 834, 835, 836, 837, 838, 839, 840, 841, 842, 851, 853, 856, 862, 863, 866, 867, 868, 869, 870, 871, 872, 873, 882, 889, 891, 892, 895, 898, 899, 901, 915, 930, 932, 935, 938, 941, 942, 944, 945, 951, 954, 955, 958, 959, 962, 964, 971, 972, 973, 975, 976, 979, 980, 982], "summary": {"covered_lines": 285, "num_statements": 383, "percent_covered": 74.41253263707571, "percent_covered_display": "74", "missing_lines": 98, "excluded_lines": 0, "percent_statements_covered": 74.41253263707571, "percent_statements_covered_display": "74"}, "missing_lines": [86, 117, 135, 152, 166, 168, 169, 170, 221, 277, 293, 339, 341, 342, 345, 346, 352, 353, 356, 357, 358, 360, 363, 364, 366, 367, 369, 370, 371, 373, 375, 377, 378, 379, 380, 382, 385, 386, 389, 390, 391, 430, 431, 434, 435, 436, 438, 440, 443, 475, 498, 528, 537, 538, 539, 540, 574, 612, 619, 657, 715, 716, 737, 738, 739, 740, 741, 742, 743, 744, 745, 766, 768, 816, 843, 844, 845, 847, 848, 850, 874, 875, 876, 878, 880, 896, 903, 904, 905, 906, 907, 908, 910, 911, 913, 977, 981, 985], "excluded_lines": [], "functions": {"IndicatorNotFoundError.__init__": {"executed_lines": [38, 39, 41, 42, 43, 44, 45, 47], "summary": {"covered_lines": 8, "num_statements": 8, "percent_covered": 100.0, "percent_covered_display": "100", "missing_lines": 0, "excluded_lines": 0, "percent_statements_covered": 100.0, "percent_statements_covered_display": "100"}, "missing_lines": [], "excluded_lines": [], "start_line": 37}, "ValueInvestment.__init__": {"executed_lines": [84, 85, 87, 90, 91, 94, 97, 100, 101, 104], "summary": {"covered_lines": 10, "num_statements": 11, "percent_covered": 90.9090909090909, "percent_covered_display": "91", "missing_lines": 1, "excluded_lines": 0, "percent_statements_covered": 90.9090909090909, "percent_statements_covered_display": "91"}, "missing_lines": [86], "excluded_lines": [], "start_line": 75}, "ValueInvestment.detect_market": {"executed_lines": [116, 119, 122, 123, 124, 127, 128, 131, 132], "summary": {"covered_lines": 9, "num_statements": 11, "percent_covered": 81.81818181818181, "percent_covered_display": "82", "missing_lines": 2, "excluded_lines": 0, "percent_statements_covered": 81.81818181818181, "percent_statements_covered_display": "82"}, "missing_lines": [117, 135], "excluded_lines": [], "start_line": 107}, "ValueInvestment.get_market": {"executed_lines": [147, 148, 150, 151], "summary": {"covered_lines": 4, "num_statements": 5, "percent_covered": 80.0, "percent_covered_display": "80", "missing_lines": 1, "excluded_lines": 0, "percent_statements_covered": 80.0, "percent_statements_covered_display": "80"}, "missing_lines": [152], "excluded_lines": [], "start_line": 137}, "ValueInvestment.get_stock_info": {"executed_lines": [], "summary": {"covered_lines": 0, "num_statements": 4, "percent_covered": 0.0, "percent_covered_display": "0", "missing_lines": 4, "excluded_lines": 0, "percent_statements_covered": 0.0, "percent_statements_covered_display": "0"}, "missing_lines": [166, 168, 169, 170], "excluded_lines": [], "start_line": 154}, "ValueInvestment.get_historical_data": {"executed_lines": [194], "summary": {"covered_lines": 1, "num_statements": 1, "percent_covered": 100.0, "percent_covered_display": "100", "missing_lines": 0, "excluded_lines": 0, "percent_statements_covered": 100.0, "percent_statements_covered_display": "100"}, "missing_lines": [], "excluded_lines": [], "start_line": 172}, "ValueInvestment.get_balance_sheet": {"executed_lines": [220, 222, 223, 224], "summary": {"covered_lines": 4, "num_statements": 5, "percent_covered": 80.0, "percent_covered_display": "80", "missing_lines": 1, "excluded_lines": 0, "percent_statements_covered": 80.0, "percent_statements_covered_display": "80"}, "missing_lines": [221], "excluded_lines": [], "start_line": 198}, "ValueInvestment.get_profit_sheet": {"executed_lines": [248, 249, 250, 251, 252], "summary": {"covered_lines": 5, "num_statements": 5, "percent_covered": 100.0, "percent_covered_display": "100", "missing_lines": 0, "excluded_lines": 0, "percent_statements_covered": 100.0, "percent_statements_covered_display": "100"}, "missing_lines": [], "excluded_lines": [], "start_line": 226}, "ValueInvestment.get_cashflow_sheet": {"executed_lines": [276, 278, 279, 280], "summary": {"covered_lines": 4, "num_statements": 5, "percent_covered": 80.0, "percent_covered_display": "80", "missing_lines": 1, "excluded_lines": 0, "percent_statements_covered": 80.0, "percent_statements_covered_display": "80"}, "missing_lines": [277], "excluded_lines": [], "start_line": 254}, "ValueInvestment.get_financial_indicator": {"executed_lines": [], "summary": {"covered_lines": 0, "num_statements": 1, "percent_covered": 0.0, "percent_covered_display": "0", "missing_lines": 1, "excluded_lines": 0, "percent_statements_covered": 0.0, "percent_statements_covered_display": "0"}, "missing_lines": [293], "excluded_lines": [], "start_line": 282}, "ValueInvestment.indicator": {"executed_lines": [], "summary": {"covered_lines": 0, "num_statements": 30, "percent_covered": 0.0, "percent_covered_display": "0", "missing_lines": 30, "excluded_lines": 0, "percent_statements_covered": 0.0, "percent_statements_covered_display": "0"}, "missing_lines": [339, 341, 342, 345, 346, 352, 353, 356, 357, 358, 360, 363, 364, 366, 367, 369, 370, 371, 373, 375, 377, 378, 379, 380, 382, 385, 386, 389, 390, 391], "excluded_lines": [], "start_line": 295}, "ValueInvestment.get_indicator": {"executed_lines": [417, 420, 421, 422, 423, 425, 426, 427], "summary": {"covered_lines": 8, "num_statements": 16, "percent_covered": 50.0, "percent_covered_display": "50", "missing_lines": 8, "excluded_lines": 0, "percent_statements_covered": 50.0, "percent_statements_covered_display": "50"}, "missing_lines": [430, 431, 434, 435, 436, 438, 440, 443], "excluded_lines": [], "start_line": 393}, "ValueInvestment.calculate_indicator": {"executed_lines": [467, 469, 472, 478, 479, 480, 484, 485, 486, 489, 490, 493, 494, 495, 497, 501, 504, 507], "summary": {"covered_lines": 18, "num_statements": 20, "percent_covered": 90.0, "percent_covered_display": "90", "missing_lines": 2, "excluded_lines": 0, "percent_statements_covered": 90.0, "percent_statements_covered_display": "90"}, "missing_lines": [475, 498], "excluded_lines": [], "start_line": 445}, "ValueInvestment._prepare_data": {"executed_lines": [518, 521, 524, 525, 526, 531, 532, 533, 534, 535, 536, 542], "summary": {"covered_lines": 12, "num_statements": 17, "percent_covered": 70.58823529411765, "percent_covered_display": "71", "missing_lines": 5, "excluded_lines": 0, "percent_statements_covered": 70.58823529411765, "percent_statements_covered_display": "71"}, "missing_lines": [528, 537, 538, 539, 540], "excluded_lines": [], "start_line": 509}, "ValueInvestment._filter_fields": {"executed_lines": [556, 557, 559, 561, 562, 563, 566, 567, 568, 569, 572, 573, 577, 578, 580], "summary": {"covered_lines": 15, "num_statements": 16, "percent_covered": 93.75, "percent_covered_display": "94", "missing_lines": 1, "excluded_lines": 0, "percent_statements_covered": 93.75, "percent_statements_covered_display": "94"}, "missing_lines": [574], "excluded_lines": [], "start_line": 544}, "ValueInvestment._get_financial_data": {"executed_lines": [599, 600, 601, 604, 605, 606, 609, 652, 653, 654, 656, 660, 661, 662, 663, 665, 666, 667, 669], "summary": {"covered_lines": 19, "num_statements": 20, "percent_covered": 95.0, "percent_covered_display": "95", "missing_lines": 1, "excluded_lines": 0, "percent_statements_covered": 95.0, "percent_statements_covered_display": "95"}, "missing_lines": [657], "excluded_lines": [], "start_line": 582}, "ValueInvestment._get_financial_data.filter_annual": {"executed_lines": [611, 615, 616, 617, 618, 621, 622, 625, 626, 629, 633, 634, 635, 637, 640, 643, 644, 645, 648, 650], "summary": {"covered_lines": 20, "num_statements": 22, "percent_covered": 90.9090909090909, "percent_covered_display": "91", "missing_lines": 2, "excluded_lines": 0, "percent_statements_covered": 90.9090909090909, "percent_statements_covered_display": "91"}, "missing_lines": [612, 619], "excluded_lines": [], "start_line": 609}, "ValueInvestment.analyze": {"executed_lines": [702, 703, 704, 706, 707, 709, 710, 711, 712, 713, 714, 719, 722, 723, 726, 727, 728, 729, 730, 731, 732, 733, 736, 748, 751, 753, 754, 757, 758, 760, 761, 763, 764, 765, 770, 773, 774, 777, 778, 780], "summary": {"covered_lines": 40, "num_statements": 53, "percent_covered": 75.47169811320755, "percent_covered_display": "75", "missing_lines": 13, "excluded_lines": 0, "percent_statements_covered": 75.47169811320755, "percent_statements_covered_display": "75"}, "missing_lines": [715, 716, 737, 738, 739, 740, 741, 742, 743, 744, 745, 766, 768], "excluded_lines": [], "start_line": 671}, "ValueInvestment._format_analyze_results": {"executed_lines": [784, 787, 808, 809, 810, 811, 812, 813, 815, 823, 824, 827, 828, 829, 830, 831, 832, 833, 834, 835, 836, 837, 838, 839, 840, 841, 842, 851, 853, 856, 862, 863, 866, 867, 868, 869, 870, 871, 872, 873, 882], "summary": {"covered_lines": 41, "num_statements": 53, "percent_covered": 77.35849056603773, "percent_covered_display": "77", "missing_lines": 12, "excluded_lines": 0, "percent_statements_covered": 77.35849056603773, "percent_statements_covered_display": "77"}, "missing_lines": [816, 843, 844, 845, 847, 848, 850, 874, 875, 876, 878, 880], "excluded_lines": [], "start_line": 782}, "ValueInvestment.get_cache_stats": {"executed_lines": [891, 892, 895, 898, 899], "summary": {"covered_lines": 5, "num_statements": 6, "percent_covered": 83.33333333333333, "percent_covered_display": "83", "missing_lines": 1, "excluded_lines": 0, "percent_statements_covered": 83.33333333333333, "percent_statements_covered_display": "83"}, "missing_lines": [896], "excluded_lines": [], "start_line": 889}, "ValueInvestment.list_cache_keys": {"executed_lines": [], "summary": {"covered_lines": 0, "num_statements": 9, "percent_covered": 0.0, "percent_covered_display": "0", "missing_lines": 9, "excluded_lines": 0, "percent_statements_covered": 0.0, "percent_statements_covered_display": "0"}, "missing_lines": [903, 904, 905, 906, 907, 908, 910, 911, 913], "excluded_lines": [], "start_line": 901}, "ValueInvestment.list_indicators": {"executed_lines": [930, 932, 935, 938, 941, 942, 944, 945, 951, 954, 955, 958, 959, 962], "summary": {"covered_lines": 14, "num_statements": 14, "percent_covered": 100.0, "percent_covered_display": "100", "missing_lines": 0, "excluded_lines": 0, "percent_statements_covered": 100.0, "percent_statements_covered_display": "100"}, "missing_lines": [], "excluded_lines": [], "start_line": 915}, "ValueInvestment.clear_cache": {"executed_lines": [971, 972, 973, 975, 976, 979, 980, 982], "summary": {"covered_lines": 8, "num_statements": 11, "percent_covered": 72.72727272727273, "percent_covered_display": "73", "missing_lines": 3, "excluded_lines": 0, "percent_statements_covered": 72.72727272727273, "percent_statements_covered_display": "73"}, "missing_lines": [977, 981, 985], "excluded_lines": [], "start_line": 964}, "": {"executed_lines": [6, 8, 10, 17, 18, 19, 20, 21, 22, 29, 31, 34, 37, 50, 52, 55, 57, 65, 75, 106, 107, 137, 154, 172, 198, 226, 254, 282, 295, 393, 445, 509, 544, 582, 671, 782, 889, 901, 915, 964], "summary": {"covered_lines": 40, "num_statements": 40, "percent_covered": 100.0, "percent_covered_display": "100", "missing_lines": 0, "excluded_lines": 0, "percent_statements_covered": 100.0, "percent_statements_covered_display": "100"}, "missing_lines": [], "excluded_lines": [], "start_line": 1}}, "classes": {"ValueInvestmentError": {"executed_lines": [], "summary": {"covered_lines": 0, "num_statements": 0, "percent_covered": 100.0, "percent_covered_display": "100", "missing_lines": 0, "excluded_lines": 0, "percent_statements_covered": 100.0, "percent_statements_covered_display": "100"}, "missing_lines": [], "excluded_lines": [], "start_line": 29}, "IndicatorNotFoundError": {"executed_lines": [38, 39, 41, 42, 43, 44, 45, 47], "summary": {"covered_lines": 8, "num_statements": 8, "percent_covered": 100.0, "percent_covered_display": "100", "missing_lines": 0, "excluded_lines": 0, "percent_statements_covered": 100.0, "percent_statements_covered_display": "100"}, "missing_lines": [], "excluded_lines": [], "start_line": 34}, "DataProviderError": {"executed_lines": [], "summary": {"covered_lines": 0, "num_statements": 0, "percent_covered": 100.0, "percent_covered_display": "100", "missing_lines": 0, "excluded_lines": 0, "percent_statements_covered": 100.0, "percent_statements_covered_display": "100"}, "missing_lines": [], "excluded_lines": [], "start_line": 50}, "MarketDataError": {"executed_lines": [], "summary": {"covered_lines": 0, "num_statements": 0, "percent_covered": 100.0, "percent_covered_display": "100", "missing_lines": 0, "excluded_lines": 0, "percent_statements_covered": 100.0, "percent_statements_covered_display": "100"}, "missing_lines": [], "excluded_lines": [], "start_line": 55}, "ValueInvestment": {"executed_lines": [84, 85, 87, 90, 91, 94, 97, 100, 101, 104, 116, 119, 122, 123, 124, 127, 128, 131, 132, 147, 148, 150, 151, 194, 220, 222, 223, 224, 248, 249, 250, 251, 252, 276, 278, 279, 280, 417, 420, 421, 422, 423, 425, 426, 427, 467, 469, 472, 478, 479, 480, 484, 485, 486, 489, 490, 493, 494, 495, 497, 501, 504, 507, 518, 521, 524, 525, 526, 531, 532, 533, 534, 535, 536, 542, 556, 557, 559, 561, 562, 563, 566, 567, 568, 569, 572, 573, 577, 578, 580, 599, 600, 601, 604, 605, 606, 609, 611, 615, 616, 617, 618, 621, 622, 625, 626, 629, 633, 634, 635, 637, 640, 643, 644, 645, 648, 650, 652, 653, 654, 656, 660, 661, 662, 663, 665, 666, 667, 669, 702, 703, 704, 706, 707, 709, 710, 711, 712, 713, 714, 719, 722, 723, 726, 727, 728, 729, 730, 731, 732, 733, 736, 748, 751, 753, 754, 757, 758, 760, 761, 763, 764, 765, 770, 773, 774, 777, 778, 780, 784, 787, 808, 809, 810, 811, 812, 813, 815, 823, 824, 827, 828, 829, 830, 831, 832, 833, 834, 835, 836, 837, 838, 839, 840, 841, 842, 851, 853, 856, 862, 863, 866, 867, 868, 869, 870, 871, 872, 873, 882, 891, 892, 895, 898, 899, 930, 932, 935, 938, 941, 942, 944, 945, 951, 954, 955, 958, 959, 962, 971, 972, 973, 975, 976, 979, 980, 982], "summary": {"covered_lines": 237, "num_statements": 335, "percent_covered": 70.74626865671642, "percent_covered_display": "71", "missing_lines": 98, "excluded_lines": 0, "percent_statements_covered": 70.74626865671642, "percent_statements_covered_display": "71"}, "missing_lines": [86, 117, 135, 152, 166, 168, 169, 170, 221, 277, 293, 339, 341, 342, 345, 346, 352, 353, 356, 357, 358, 360, 363, 364, 366, 367, 369, 370, 371, 373, 375, 377, 378, 379, 380, 382, 385, 386, 389, 390, 391, 430, 431, 434, 435, 436, 438, 440, 443, 475, 498, 528, 537, 538, 539, 540, 574, 612, 619, 657, 715, 716, 737, 738, 739, 740, 741, 742, 743, 744, 745, 766, 768, 816, 843, 844, 845, 847, 848, 850, 874, 875, 876, 878, 880, 896, 903, 904, 905, 906, 907, 908, 910, 911, 913, 977, 981, 985], "excluded_lines": [], "start_line": 65}, "": {"executed_lines": [6, 8, 10, 17, 18, 19, 20, 21, 22, 29, 31, 34, 37, 50, 52, 55, 57, 65, 75, 106, 107, 137, 154, 172, 198, 226, 254, 282, 295, 393, 445, 509, 544, 582, 671, 782, 889, 901, 915, 964], "summary": {"covered_lines": 40, "num_statements": 40, "percent_covered": 100.0, "percent_covered_display": "100", "missing_lines": 0, "excluded_lines": 0, "percent_statements_covered": 100.0, "percent_statements_covered_display": "100"}, "missing_lines": [], "excluded_lines": [], "start_line": 1}}}, "src/value_investment/cli.py": {"executed_lines": [3, 4, 6, 7, 9, 12, 14, 16, 19, 20, 31, 32, 46, 47, 56, 57, 58, 59, 60, 66, 67, 76, 77, 78, 79, 80, 81, 82, 83, 86, 87, 96, 97, 98, 99, 100, 106, 107, 137, 138, 160, 161, 187, 188, 193, 194, 196, 197, 198, 199, 202, 203, 208, 209, 210, 211, 212, 213, 214, 217, 218, 233, 234, 242, 243, 251, 252, 257], "summary": {"covered_lines": 68, "num_statements": 132, "percent_covered": 51.515151515151516, "percent_covered_display": "52", "missing_lines": 64, "excluded_lines": 0, "percent_statements_covered": 51.515151515151516, "percent_statements_covered_display": "52"}, "missing_lines": [15, 26, 27, 28, 41, 42, 43, 61, 62, 63, 101, 102, 103, 114, 117, 118, 119, 120, 122, 125, 128, 129, 130, 131, 132, 133, 134, 144, 146, 148, 149, 150, 153, 154, 156, 157, 167, 168, 171, 172, 173, 176, 178, 179, 181, 182, 183, 184, 224, 225, 226, 227, 228, 230, 236, 237, 238, 239, 245, 246, 247, 248, 254, 258], "excluded_lines": [], "functions": {"_get_market": {"executed_lines": [14, 16], "summary": {"covered_lines": 2, "num_statements": 3, "percent_covered": 66.66666666666667, "percent_covered_display": "67", "missing_lines": 1, "excluded_lines": 0, "percent_statements_covered": 66.66666666666667, "percent_statements_covered_display": "67"}, "missing_lines": [15], "excluded_lines": [], "start_line": 12}, "info": {"executed_lines": [], "summary": {"covered_lines": 0, "num_statements": 3, "percent_covered": 0.0, "percent_covered_display": "0", "missing_lines": 3, "excluded_lines": 0, "percent_statements_covered": 0.0, "percent_statements_covered_display": "0"}, "missing_lines": [26, 27, 28], "excluded_lines": [], "start_line": 20}, "hist": {"executed_lines": [], "summary": {"covered_lines": 0, "num_statements": 3, "percent_covered": 0.0, "percent_covered_display": "0", "missing_lines": 3, "excluded_lines": 0, "percent_statements_covered": 0.0, "percent_statements_covered_display": "0"}, "missing_lines": [41, 42, 43], "excluded_lines": [], "start_line": 32}, "balance": {"executed_lines": [56, 57, 58, 59, 60], "summary": {"covered_lines": 5, "num_statements": 8, "percent_covered": 62.5, "percent_covered_display": "62", "missing_lines": 3, "excluded_lines": 0, "percent_statements_covered": 62.5, "percent_statements_covered_display": "62"}, "missing_lines": [61, 62, 63], "excluded_lines": [], "start_line": 47}, "income": {"executed_lines": [76, 77, 78, 79, 80, 81, 82, 83], "summary": {"covered_lines": 8, "num_statements": 8, "percent_covered": 100.0, "percent_covered_display": "100", "missing_lines": 0, "excluded_lines": 0, "percent_statements_covered": 100.0, "percent_statements_covered_display": "100"}, "missing_lines": [], "excluded_lines": [], "start_line": 67}, "cashflow": {"executed_lines": [96, 97, 98, 99, 100], "summary": {"covered_lines": 5, "num_statements": 8, "percent_covered": 62.5, "percent_covered_display": "62", "missing_lines": 3, "excluded_lines": 0, "percent_statements_covered": 62.5, "percent_statements_covered_display": "62"}, "missing_lines": [101, 102, 103], "excluded_lines": [], "start_line": 87}, "indicator": {"executed_lines": [], "summary": {"covered_lines": 0, "num_statements": 14, "percent_covered": 0.0, "percent_covered_display": "0", "missing_lines": 14, "excluded_lines": 0, "percent_statements_covered": 0.0, "percent_statements_covered_display": "0"}, "missing_lines": [114, 117, 118, 119, 120, 122, 125, 128, 129, 130, 131, 132, 133, 134], "excluded_lines": [], "start_line": 107}, "finind": {"executed_lines": [], "summary": {"covered_lines": 0, "num_statements": 9, "percent_covered": 0.0, "percent_covered_display": "0", "missing_lines": 9, "excluded_lines": 0, "percent_statements_covered": 0.0, "percent_statements_covered_display": "0"}, "missing_lines": [144, 146, 148, 149, 150, 153, 154, 156, 157], "excluded_lines": [], "start_line": 138}, "analyze": {"executed_lines": [], "summary": {"covered_lines": 0, "num_statements": 12, "percent_covered": 0.0, "percent_covered_display": "0", "missing_lines": 12, "excluded_lines": 0, "percent_statements_covered": 0.0, "percent_statements_covered_display": "0"}, "missing_lines": [167, 168, 171, 172, 173, 176, 178, 179, 181, 182, 183, 184], "excluded_lines": [], "start_line": 161}, "list_indicators": {"executed_lines": [193, 194, 196, 197, 198, 199], "summary": {"covered_lines": 6, "num_statements": 6, "percent_covered": 100.0, "percent_covered_display": "100", "missing_lines": 0, "excluded_lines": 0, "percent_statements_covered": 100.0, "percent_statements_covered_display": "100"}, "missing_lines": [], "excluded_lines": [], "start_line": 188}, "fields": {"executed_lines": [208, 209, 210, 211, 212, 213, 214], "summary": {"covered_lines": 7, "num_statements": 7, "percent_covered": 100.0, "percent_covered_display": "100", "missing_lines": 0, "excluded_lines": 0, "percent_statements_covered": 100.0, "percent_statements_covered_display": "100"}, "missing_lines": [], "excluded_lines": [], "start_line": 203}, "cache_clear": {"executed_lines": [], "summary": {"covered_lines": 0, "num_statements": 6, "percent_covered": 0.0, "percent_covered_display": "0", "missing_lines": 6, "excluded_lines": 0, "percent_statements_covered": 0.0, "percent_statements_covered_display": "0"}, "missing_lines": [224, 225, 226, 227, 228, 230], "excluded_lines": [], "start_line": 218}, "cache_stats": {"executed_lines": [], "summary": {"covered_lines": 0, "num_statements": 4, "percent_covered": 0.0, "percent_covered_display": "0", "missing_lines": 4, "excluded_lines": 0, "percent_statements_covered": 0.0, "percent_statements_covered_display": "0"}, "missing_lines": [236, 237, 238, 239], "excluded_lines": [], "start_line": 234}, "cache_list": {"executed_lines": [], "summary": {"covered_lines": 0, "num_statements": 4, "percent_covered": 0.0, "percent_covered_display": "0", "missing_lines": 4, "excluded_lines": 0, "percent_statements_covered": 0.0, "percent_statements_covered_display": "0"}, "missing_lines": [245, 246, 247, 248], "excluded_lines": [], "start_line": 243}, "version": {"executed_lines": [], "summary": {"covered_lines": 0, "num_statements": 1, "percent_covered": 0.0, "percent_covered_display": "0", "missing_lines": 1, "excluded_lines": 0, "percent_statements_covered": 0.0, "percent_statements_covered_display": "0"}, "missing_lines": [254], "excluded_lines": [], "start_line": 252}, "": {"executed_lines": [3, 4, 6, 7, 9, 12, 19, 20, 31, 32, 46, 47, 66, 67, 86, 87, 106, 107, 137, 138, 160, 161, 187, 188, 202, 203, 217, 218, 233, 234, 242, 243, 251, 252, 257], "summary": {"covered_lines": 35, "num_statements": 36, "percent_covered": 97.22222222222223, "percent_covered_display": "97", "missing_lines": 1, "excluded_lines": 0, "percent_statements_covered": 97.22222222222223, "percent_statements_covered_display": "97"}, "missing_lines": [258], "excluded_lines": [], "start_line": 1}}, "classes": {"": {"executed_lines": [3, 4, 6, 7, 9, 12, 14, 16, 19, 20, 31, 32, 46, 47, 56, 57, 58, 59, 60, 66, 67, 76, 77, 78, 79, 80, 81, 82, 83, 86, 87, 96, 97, 98, 99, 100, 106, 107, 137, 138, 160, 161, 187, 188, 193, 194, 196, 197, 198, 199, 202, 203, 208, 209, 210, 211, 212, 213, 214, 217, 218, 233, 234, 242, 243, 251, 252, 257], "summary": {"covered_lines": 68, "num_statements": 132, "percent_covered": 51.515151515151516, "percent_covered_display": "52", "missing_lines": 64, "excluded_lines": 0, "percent_statements_covered": 51.515151515151516, "percent_statements_covered_display": "52"}, "missing_lines": [15, 26, 27, 28, 41, 42, 43, 61, 62, 63, 101, 102, 103, 114, 117, 118, 119, 120, 122, 125, 128, 129, 130, 131, 132, 133, 134, 144, 146, 148, 149, 150, 153, 154, 156, 157, 167, 168, 171, 172, 173, 176, 178, 179, 181, 182, 183, 184, 224, 225, 226, 227, 228, 230, 236, 237, 238, 239, 245, 246, 247, 248, 254, 258], "excluded_lines": [], "start_line": 1}}}, "src/value_investment/core/__init__.py": {"executed_lines": [], "summary": {"covered_lines": 0, "num_statements": 0, "percent_covered": 100.0, "percent_covered_display": "100", "missing_lines": 0, "excluded_lines": 0, "percent_statements_covered": 100.0, "percent_statements_covered_display": "100"}, "missing_lines": [], "excluded_lines": [], "functions": {"": {"executed_lines": [], "summary": {"covered_lines": 0, "num_statements": 0, "percent_covered": 100.0, "percent_covered_display": "100", "missing_lines": 0, "excluded_lines": 0, "percent_statements_covered": 100.0, "percent_statements_covered_display": "100"}, "missing_lines": [], "excluded_lines": [], "start_line": 1}}, "classes": {"": {"executed_lines": [], "summary": {"covered_lines": 0, "num_statements": 0, "percent_covered": 100.0, "percent_covered_display": "100", "missing_lines": 0, "excluded_lines": 0, "percent_statements_covered": 100.0, "percent_statements_covered_display": "100"}, "missing_lines": [], "excluded_lines": [], "start_line": 1}}}, "src/value_investment/core/cache_config.py": {"executed_lines": [1, 3, 11, 12, 15, 17, 18, 19, 25, 27, 28, 30, 31, 32, 33, 35], "summary": {"covered_lines": 16, "num_statements": 18, "percent_covered": 88.88888888888889, "percent_covered_display": "89", "missing_lines": 2, "excluded_lines": 0, "percent_statements_covered": 88.88888888888889, "percent_statements_covered_display": "89"}, "missing_lines": [37, 43], "excluded_lines": [], "functions": {"CacheStrategy.for_data_type": {"executed_lines": [19, 25], "summary": {"covered_lines": 2, "num_statements": 2, "percent_covered": 100.0, "percent_covered_display": "100", "missing_lines": 0, "excluded_lines": 0, "percent_statements_covered": 100.0, "percent_statements_covered_display": "100"}, "missing_lines": [], "excluded_lines": [], "start_line": 18}, "CacheConfig.get_ttl": {"executed_lines": [], "summary": {"covered_lines": 0, "num_statements": 2, "percent_covered": 0.0, "percent_covered_display": "0", "missing_lines": 2, "excluded_lines": 0, "percent_statements_covered": 0.0, "percent_statements_covered_display": "0"}, "missing_lines": [37, 43], "excluded_lines": [], "start_line": 35}, "": {"executed_lines": [1, 3, 11, 12, 15, 17, 18, 27, 28, 30, 31, 32, 33, 35], "summary": {"covered_lines": 14, "num_statements": 14, "percent_covered": 100.0, "percent_covered_display": "100", "missing_lines": 0, "excluded_lines": 0, "percent_statements_covered": 100.0, "percent_statements_covered_display": "100"}, "missing_lines": [], "excluded_lines": [], "start_line": 1}}, "classes": {"CacheStrategy": {"executed_lines": [19, 25], "summary": {"covered_lines": 2, "num_statements": 2, "percent_covered": 100.0, "percent_covered_display": "100", "missing_lines": 0, "excluded_lines": 0, "percent_statements_covered": 100.0, "percent_statements_covered_display": "100"}, "missing_lines": [], "excluded_lines": [], "start_line": 12}, "CacheConfig": {"executed_lines": [], "summary": {"covered_lines": 0, "num_statements": 2, "percent_covered": 0.0, "percent_covered_display": "0", "missing_lines": 2, "excluded_lines": 0, "percent_statements_covered": 0.0, "percent_statements_covered_display": "0"}, "missing_lines": [37, 43], "excluded_lines": [], "start_line": 28}, "": {"executed_lines": [1, 3, 11, 12, 15, 17, 18, 27, 28, 30, 31, 32, 33, 35], "summary": {"covered_lines": 14, "num_statements": 14, "percent_covered": 100.0, "percent_covered_display": "100", "missing_lines": 0, "excluded_lines": 0, "percent_statements_covered": 100.0, "percent_statements_covered_display": "100"}, "missing_lines": [], "excluded_lines": [], "start_line": 1}}}, "src/value_investment/core/config.py": {"executed_lines": [2, 3, 6, 20, 21, 23, 24, 25, 33, 34, 35, 36, 37, 39, 40, 42, 54, 66, 77, 78, 79, 86, 87, 89, 90, 91, 95, 100, 102, 114, 116, 128, 129, 131, 132, 136, 138, 140, 142], "summary": {"covered_lines": 39, "num_statements": 42, "percent_covered": 92.85714285714286, "percent_covered_display": "93", "missing_lines": 3, "excluded_lines": 0, "percent_statements_covered": 92.85714285714286, "percent_statements_covered_display": "93"}, "missing_lines": [51, 96, 134], "excluded_lines": [], "functions": {"ProviderConfig.expand_env_vars": {"executed_lines": [33, 34, 35, 36, 37, 39, 40], "summary": {"covered_lines": 7, "num_statements": 7, "percent_covered": 100.0, "percent_covered_display": "100", "missing_lines": 0, "excluded_lines": 0, "percent_statements_covered": 100.0, "percent_statements_covered_display": "100"}, "missing_lines": [], "excluded_lines": [], "start_line": 25}, "ProviderConfig.get_mapping": {"executed_lines": [], "summary": {"covered_lines": 0, "num_statements": 1, "percent_covered": 0.0, "percent_covered_display": "0", "missing_lines": 1, "excluded_lines": 0, "percent_statements_covered": 0.0, "percent_statements_covered_display": "0"}, "missing_lines": [51], "excluded_lines": [], "start_line": 42}, "DataSourcesConfig.validate_providers_exist": {"executed_lines": [86, 87, 89, 90, 91, 95, 100], "summary": {"covered_lines": 7, "num_statements": 8, "percent_covered": 87.5, "percent_covered_display": "88", "missing_lines": 1, "excluded_lines": 0, "percent_statements_covered": 87.5, "percent_statements_covered_display": "88"}, "missing_lines": [96], "excluded_lines": [], "start_line": 79}, "DataSourcesConfig.get_provider": {"executed_lines": [114], "summary": {"covered_lines": 1, "num_statements": 1, "percent_covered": 100.0, "percent_covered_display": "100", "missing_lines": 0, "excluded_lines": 0, "percent_statements_covered": 100.0, "percent_statements_covered_display": "100"}, "missing_lines": [], "excluded_lines": [], "start_line": 102}, "DataSourcesConfig.get_market_source": {"executed_lines": [128, 129, 131, 132], "summary": {"covered_lines": 4, "num_statements": 5, "percent_covered": 80.0, "percent_covered_display": "80", "missing_lines": 1, "excluded_lines": 0, "percent_statements_covered": 80.0, "percent_statements_covered_display": "80"}, "missing_lines": [134], "excluded_lines": [], "start_line": 116}, "DataSourcesConfig.list_providers": {"executed_lines": [138], "summary": {"covered_lines": 1, "num_statements": 1, "percent_covered": 100.0, "percent_covered_display": "100", "missing_lines": 0, "excluded_lines": 0, "percent_statements_covered": 100.0, "percent_statements_covered_display": "100"}, "missing_lines": [], "excluded_lines": [], "start_line": 136}, "DataSourcesConfig.list_markets": {"executed_lines": [142], "summary": {"covered_lines": 1, "num_statements": 1, "percent_covered": 100.0, "percent_covered_display": "100", "missing_lines": 0, "excluded_lines": 0, "percent_statements_covered": 100.0, "percent_statements_covered_display": "100"}, "missing_lines": [], "excluded_lines": [], "start_line": 140}, "": {"executed_lines": [2, 3, 6, 20, 21, 23, 24, 25, 42, 54, 66, 77, 78, 79, 102, 116, 136, 140], "summary": {"covered_lines": 18, "num_statements": 18, "percent_covered": 100.0, "percent_covered_display": "100", "missing_lines": 0, "excluded_lines": 0, "percent_statements_covered": 100.0, "percent_statements_covered_display": "100"}, "missing_lines": [], "excluded_lines": [], "start_line": 1}}, "classes": {"ProviderConfig": {"executed_lines": [33, 34, 35, 36, 37, 39, 40], "summary": {"covered_lines": 7, "num_statements": 8, "percent_covered": 87.5, "percent_covered_display": "88", "missing_lines": 1, "excluded_lines": 0, "percent_statements_covered": 87.5, "percent_statements_covered_display": "88"}, "missing_lines": [51], "excluded_lines": [], "start_line": 6}, "MarketDataSource": {"executed_lines": [], "summary": {"covered_lines": 0, "num_statements": 0, "percent_covered": 100.0, "percent_covered_display": "100", "missing_lines": 0, "excluded_lines": 0, "percent_statements_covered": 100.0, "percent_statements_covered_display": "100"}, "missing_lines": [], "excluded_lines": [], "start_line": 54}, "DataSourcesConfig": {"executed_lines": [86, 87, 89, 90, 91, 95, 100, 114, 128, 129, 131, 132, 138, 142], "summary": {"covered_lines": 14, "num_statements": 16, "percent_covered": 87.5, "percent_covered_display": "88", "missing_lines": 2, "excluded_lines": 0, "percent_statements_covered": 87.5, "percent_statements_covered_display": "88"}, "missing_lines": [96, 134], "excluded_lines": [], "start_line": 66}, "": {"executed_lines": [2, 3, 6, 20, 21, 23, 24, 25, 42, 54, 66, 77, 78, 79, 102, 116, 136, 140], "summary": {"covered_lines": 18, "num_statements": 18, "percent_covered": 100.0, "percent_covered_display": "100", "missing_lines": 0, "excluded_lines": 0, "percent_statements_covered": 100.0, "percent_statements_covered_display": "100"}, "missing_lines": [], "excluded_lines": [], "start_line": 1}}}, "src/value_investment/core/constants.py": {"executed_lines": [7, 8, 9, 10, 13, 14, 17, 18, 19, 20, 23, 24, 25, 26, 29, 30, 31, 32, 33, 34, 37, 38, 39], "summary": {"covered_lines": 23, "num_statements": 23, "percent_covered": 100.0, "percent_covered_display": "100", "missing_lines": 0, "excluded_lines": 0, "percent_statements_covered": 100.0, "percent_statements_covered_display": "100"}, "missing_lines": [], "excluded_lines": [], "functions": {"": {"executed_lines": [7, 8, 9, 10, 13, 14, 17, 18, 19, 20, 23, 24, 25, 26, 29, 30, 31, 32, 33, 34, 37, 38, 39], "summary": {"covered_lines": 23, "num_statements": 23, "percent_covered": 100.0, "percent_covered_display": "100", "missing_lines": 0, "excluded_lines": 0, "percent_statements_covered": 100.0, "percent_statements_covered_display": "100"}, "missing_lines": [], "excluded_lines": [], "start_line": 1}}, "classes": {"": {"executed_lines": [7, 8, 9, 10, 13, 14, 17, 18, 19, 20, 23, 24, 25, 26, 29, 30, 31, 32, 33, 34, 37, 38, 39], "summary": {"covered_lines": 23, "num_statements": 23, "percent_covered": 100.0, "percent_covered_display": "100", "missing_lines": 0, "excluded_lines": 0, "percent_statements_covered": 100.0, "percent_statements_covered_display": "100"}, "missing_lines": [], "excluded_lines": [], "start_line": 1}}}, "src/value_investment/core/container.py": {"executed_lines": [2, 4, 5, 7, 8, 9, 10, 11, 12, 15, 26, 29, 32, 33, 34, 37, 44, 47, 61, 64, 65, 68, 75, 85, 86, 89, 99, 100], "summary": {"covered_lines": 28, "num_statements": 28, "percent_covered": 100.0, "percent_covered_display": "100", "missing_lines": 0, "excluded_lines": 0, "percent_statements_covered": 100.0, "percent_statements_covered_display": "100"}, "missing_lines": [], "excluded_lines": [], "functions": {"create_provider": {"executed_lines": [61, 64, 65, 68], "summary": {"covered_lines": 4, "num_statements": 4, "percent_covered": 100.0, "percent_covered_display": "100", "missing_lines": 0, "excluded_lines": 0, "percent_statements_covered": 100.0, "percent_statements_covered_display": "100"}, "missing_lines": [], "excluded_lines": [], "start_line": 47}, "get_financial_provider": {"executed_lines": [85, 86], "summary": {"covered_lines": 2, "num_statements": 2, "percent_covered": 100.0, "percent_covered_display": "100", "missing_lines": 0, "excluded_lines": 0, "percent_statements_covered": 100.0, "percent_statements_covered_display": "100"}, "missing_lines": [], "excluded_lines": [], "start_line": 75}, "get_market_provider": {"executed_lines": [99, 100], "summary": {"covered_lines": 2, "num_statements": 2, "percent_covered": 100.0, "percent_covered_display": "100", "missing_lines": 0, "excluded_lines": 0, "percent_statements_covered": 100.0, "percent_statements_covered_display": "100"}, "missing_lines": [], "excluded_lines": [], "start_line": 89}, "": {"executed_lines": [2, 4, 5, 7, 8, 9, 10, 11, 12, 15, 26, 29, 32, 33, 34, 37, 44, 47, 75, 89], "summary": {"covered_lines": 20, "num_statements": 20, "percent_covered": 100.0, "percent_covered_display": "100", "missing_lines": 0, "excluded_lines": 0, "percent_statements_covered": 100.0, "percent_statements_covered_display": "100"}, "missing_lines": [], "excluded_lines": [], "start_line": 1}}, "classes": {"Container": {"executed_lines": [], "summary": {"covered_lines": 0, "num_statements": 0, "percent_covered": 100.0, "percent_covered_display": "100", "missing_lines": 0, "excluded_lines": 0, "percent_statements_covered": 100.0, "percent_statements_covered_display": "100"}, "missing_lines": [], "excluded_lines": [], "start_line": 15}, "": {"executed_lines": [2, 4, 5, 7, 8, 9, 10, 11, 12, 15, 26, 29, 32, 33, 34, 37, 44, 47, 61, 64, 65, 68, 75, 85, 86, 89, 99, 100], "summary": {"covered_lines": 28, "num_statements": 28, "percent_covered": 100.0, "percent_covered_display": "100", "missing_lines": 0, "excluded_lines": 0, "percent_statements_covered": 100.0, "percent_statements_covered_display": "100"}, "missing_lines": [], "excluded_lines": [], "start_line": 1}}}, "src/value_investment/core/defaults.py": {"executed_lines": [12, 19, 106, 139, 174, 195], "summary": {"covered_lines": 6, "num_statements": 6, "percent_covered": 100.0, "percent_covered_display": "100", "missing_lines": 0, "excluded_lines": 0, "percent_statements_covered": 100.0, "percent_statements_covered_display": "100"}, "missing_lines": [], "excluded_lines": [], "functions": {"": {"executed_lines": [12, 19, 106, 139, 174, 195], "summary": {"covered_lines": 6, "num_statements": 6, "percent_covered": 100.0, "percent_covered_display": "100", "missing_lines": 0, "excluded_lines": 0, "percent_statements_covered": 100.0, "percent_statements_covered_display": "100"}, "missing_lines": [], "excluded_lines": [], "start_line": 1}}, "classes": {"": {"executed_lines": [12, 19, 106, 139, 174, 195], "summary": {"covered_lines": 6, "num_statements": 6, "percent_covered": 100.0, "percent_covered_display": "100", "missing_lines": 0, "excluded_lines": 0, "percent_statements_covered": 100.0, "percent_statements_covered_display": "100"}, "missing_lines": [], "excluded_lines": [], "start_line": 1}}}, "src/value_investment/core/dependencies.py": {"executed_lines": [1, 2, 4, 5, 8, 11, 12, 13, 15, 17, 18, 20, 31, 33, 35, 41, 43, 45, 47, 49, 51, 53, 56, 57, 59, 61, 62, 63], "summary": {"covered_lines": 28, "num_statements": 34, "percent_covered": 82.3529411764706, "percent_covered_display": "82", "missing_lines": 6, "excluded_lines": 0, "percent_statements_covered": 82.3529411764706, "percent_statements_covered_display": "82"}, "missing_lines": [32, 37, 38, 39, 44, 50], "excluded_lines": [], "functions": {"DataProvider.__init__": {"executed_lines": [12, 13], "summary": {"covered_lines": 2, "num_statements": 2, "percent_covered": 100.0, "percent_covered_display": "100", "missing_lines": 0, "excluded_lines": 0, "percent_statements_covered": 100.0, "percent_statements_covered_display": "100"}, "missing_lines": [], "excluded_lines": [], "start_line": 11}, "DataProvider.get": {"executed_lines": [17, 18, 20, 31, 33], "summary": {"covered_lines": 5, "num_statements": 6, "percent_covered": 83.33333333333333, "percent_covered_display": "83", "missing_lines": 1, "excluded_lines": 0, "percent_statements_covered": 83.33333333333333, "percent_statements_covered_display": "83"}, "missing_lines": [32], "excluded_lines": [], "start_line": 15}, "DataProvider._get_daily_basic": {"executed_lines": [], "summary": {"covered_lines": 0, "num_statements": 3, "percent_covered": 0.0, "percent_covered_display": "0", "missing_lines": 3, "excluded_lines": 0, "percent_statements_covered": 0.0, "percent_statements_covered_display": "0"}, "missing_lines": [37, 38, 39], "excluded_lines": [], "start_line": 35}, "DataProvider._map_financial_indicator": {"executed_lines": [43, 45], "summary": {"covered_lines": 2, "num_statements": 3, "percent_covered": 66.66666666666667, "percent_covered_display": "67", "missing_lines": 1, "excluded_lines": 0, "percent_statements_covered": 66.66666666666667, "percent_statements_covered_display": "67"}, "missing_lines": [44], "excluded_lines": [], "start_line": 41}, "DataProvider._map_quarterly": {"executed_lines": [49, 51], "summary": {"covered_lines": 2, "num_statements": 3, "percent_covered": 66.66666666666667, "percent_covered_display": "67", "missing_lines": 1, "excluded_lines": 0, "percent_statements_covered": 66.66666666666667, "percent_statements_covered_display": "67"}, "missing_lines": [50], "excluded_lines": [], "start_line": 47}, "DependencyRegistry.__init__": {"executed_lines": [57], "summary": {"covered_lines": 1, "num_statements": 1, "percent_covered": 100.0, "percent_covered_display": "100", "missing_lines": 0, "excluded_lines": 0, "percent_statements_covered": 100.0, "percent_statements_covered_display": "100"}, "missing_lines": [], "excluded_lines": [], "start_line": 56}, "DependencyRegistry.resolve": {"executed_lines": [61, 62, 63], "summary": {"covered_lines": 3, "num_statements": 3, "percent_covered": 100.0, "percent_covered_display": "100", "missing_lines": 0, "excluded_lines": 0, "percent_statements_covered": 100.0, "percent_statements_covered_display": "100"}, "missing_lines": [], "excluded_lines": [], "start_line": 59}, "": {"executed_lines": [1, 2, 4, 5, 8, 11, 15, 35, 41, 47, 53, 56, 59], "summary": {"covered_lines": 13, "num_statements": 13, "percent_covered": 100.0, "percent_covered_display": "100", "missing_lines": 0, "excluded_lines": 0, "percent_statements_covered": 100.0, "percent_statements_covered_display": "100"}, "missing_lines": [], "excluded_lines": [], "start_line": 1}}, "classes": {"DataProvider": {"executed_lines": [12, 13, 17, 18, 20, 31, 33, 43, 45, 49, 51], "summary": {"covered_lines": 11, "num_statements": 17, "percent_covered": 64.70588235294117, "percent_covered_display": "65", "missing_lines": 6, "excluded_lines": 0, "percent_statements_covered": 64.70588235294117, "percent_statements_covered_display": "65"}, "missing_lines": [32, 37, 38, 39, 44, 50], "excluded_lines": [], "start_line": 8}, "DependencyRegistry": {"executed_lines": [57, 61, 62, 63], "summary": {"covered_lines": 4, "num_statements": 4, "percent_covered": 100.0, "percent_covered_display": "100", "missing_lines": 0, "excluded_lines": 0, "percent_statements_covered": 100.0, "percent_statements_covered_display": "100"}, "missing_lines": [], "excluded_lines": [], "start_line": 53}, "": {"executed_lines": [1, 2, 4, 5, 8, 11, 15, 35, 41, 47, 53, 56, 59], "summary": {"covered_lines": 13, "num_statements": 13, "percent_covered": 100.0, "percent_covered_display": "100", "missing_lines": 0, "excluded_lines": 0, "percent_statements_covered": 100.0, "percent_statements_covered_display": "100"}, "missing_lines": [], "excluded_lines": [], "start_line": 1}}}, "src/value_investment/core/interfaces.py": {"executed_lines": [1, 3, 6, 9, 20, 23, 28, 31, 35, 39, 45, 48, 51, 55, 59, 69, 73, 77], "summary": {"covered_lines": 18, "num_statements": 18, "percent_covered": 100.0, "percent_covered_display": "100", "missing_lines": 0, "excluded_lines": 26, "percent_statements_covered": 100.0, "percent_statements_covered_display": "100"}, "missing_lines": [], "excluded_lines": [17, 18, 19, 25, 26, 27, 33, 34, 37, 38, 41, 42, 43, 44, 53, 54, 57, 58, 67, 68, 71, 72, 75, 76, 79, 80], "functions": {"IMarketDataProvider.get_historical_data": {"executed_lines": [], "summary": {"covered_lines": 0, "num_statements": 0, "percent_covered": 100.0, "percent_covered_display": "100", "missing_lines": 0, "excluded_lines": 1, "percent_statements_covered": 100.0, "percent_statements_covered_display": "100"}, "missing_lines": [], "excluded_lines": [17], "start_line": 9}, "ICompanyInfoProvider.get_stock_info": {"executed_lines": [], "summary": {"covered_lines": 0, "num_statements": 0, "percent_covered": 100.0, "percent_covered_display": "100", "missing_lines": 0, "excluded_lines": 1, "percent_statements_covered": 100.0, "percent_statements_covered_display": "100"}, "missing_lines": [], "excluded_lines": [25], "start_line": 23}, "IFinancialStatementProvider.get_balance_sheet": {"executed_lines": [], "summary": {"covered_lines": 0, "num_statements": 0, "percent_covered": 100.0, "percent_covered_display": "100", "missing_lines": 0, "excluded_lines": 1, "percent_statements_covered": 100.0, "percent_statements_covered_display": "100"}, "missing_lines": [], "excluded_lines": [33], "start_line": 31}, "IFinancialStatementProvider.get_income_statement": {"executed_lines": [], "summary": {"covered_lines": 0, "num_statements": 0, "percent_covered": 100.0, "percent_covered_display": "100", "missing_lines": 0, "excluded_lines": 1, "percent_statements_covered": 100.0, "percent_statements_covered_display": "100"}, "missing_lines": [], "excluded_lines": [37], "start_line": 35}, "IFinancialStatementProvider.get_cash_flow_statement": {"executed_lines": [], "summary": {"covered_lines": 0, "num_statements": 0, "percent_covered": 100.0, "percent_covered_display": "100", "missing_lines": 0, "excluded_lines": 1, "percent_statements_covered": 100.0, "percent_statements_covered_display": "100"}, "missing_lines": [], "excluded_lines": [41], "start_line": 39}, "IStockProviderOld.get_stock_info": {"executed_lines": [], "summary": {"covered_lines": 0, "num_statements": 0, "percent_covered": 100.0, "percent_covered_display": "100", "missing_lines": 0, "excluded_lines": 1, "percent_statements_covered": 100.0, "percent_statements_covered_display": "100"}, "missing_lines": [], "excluded_lines": [53], "start_line": 51}, "IStockProviderOld.get_quarterly_indicator": {"executed_lines": [], "summary": {"covered_lines": 0, "num_statements": 0, "percent_covered": 100.0, "percent_covered_display": "100", "missing_lines": 0, "excluded_lines": 1, "percent_statements_covered": 100.0, "percent_statements_covered_display": "100"}, "missing_lines": [], "excluded_lines": [57], "start_line": 55}, "IStockProviderOld.get_historical_data": {"executed_lines": [], "summary": {"covered_lines": 0, "num_statements": 0, "percent_covered": 100.0, "percent_covered_display": "100", "missing_lines": 0, "excluded_lines": 1, "percent_statements_covered": 100.0, "percent_statements_covered_display": "100"}, "missing_lines": [], "excluded_lines": [67], "start_line": 59}, "IStockProviderOld.get_balance_sheet": {"executed_lines": [], "summary": {"covered_lines": 0, "num_statements": 0, "percent_covered": 100.0, "percent_covered_display": "100", "missing_lines": 0, "excluded_lines": 1, "percent_statements_covered": 100.0, "percent_statements_covered_display": "100"}, "missing_lines": [], "excluded_lines": [71], "start_line": 69}, "IStockProviderOld.get_income_statement": {"executed_lines": [], "summary": {"covered_lines": 0, "num_statements": 0, "percent_covered": 100.0, "percent_covered_display": "100", "missing_lines": 0, "excluded_lines": 1, "percent_statements_covered": 100.0, "percent_statements_covered_display": "100"}, "missing_lines": [], "excluded_lines": [75], "start_line": 73}, "IStockProviderOld.get_cash_flow_statement": {"executed_lines": [], "summary": {"covered_lines": 0, "num_statements": 0, "percent_covered": 100.0, "percent_covered_display": "100", "missing_lines": 0, "excluded_lines": 1, "percent_statements_covered": 100.0, "percent_statements_covered_display": "100"}, "missing_lines": [], "excluded_lines": [79], "start_line": 77}, "": {"executed_lines": [1, 3, 6, 9, 20, 23, 28, 31, 35, 39, 45, 48, 51, 55, 59, 69, 73, 77], "summary": {"covered_lines": 18, "num_statements": 18, "percent_covered": 100.0, "percent_covered_display": "100", "missing_lines": 0, "excluded_lines": 14, "percent_statements_covered": 100.0, "percent_statements_covered_display": "100"}, "missing_lines": [], "excluded_lines": [18, 19, 26, 27, 34, 38, 42, 43, 44, 54, 58, 68, 72, 76], "start_line": 1}}, "classes": {"IMarketDataProvider": {"executed_lines": [], "summary": {"covered_lines": 0, "num_statements": 0, "percent_covered": 100.0, "percent_covered_display": "100", "missing_lines": 0, "excluded_lines": 1, "percent_statements_covered": 100.0, "percent_statements_covered_display": "100"}, "missing_lines": [], "excluded_lines": [17], "start_line": 6}, "ICompanyInfoProvider": {"executed_lines": [], "summary": {"covered_lines": 0, "num_statements": 0, "percent_covered": 100.0, "percent_covered_display": "100", "missing_lines": 0, "excluded_lines": 1, "percent_statements_covered": 100.0, "percent_statements_covered_display": "100"}, "missing_lines": [], "excluded_lines": [25], "start_line": 20}, "IFinancialStatementProvider": {"executed_lines": [], "summary": {"covered_lines": 0, "num_statements": 0, "percent_covered": 100.0, "percent_covered_display": "100", "missing_lines": 0, "excluded_lines": 3, "percent_statements_covered": 100.0, "percent_statements_covered_display": "100"}, "missing_lines": [], "excluded_lines": [33, 37, 41], "start_line": 28}, "IStockProviderOld": {"executed_lines": [], "summary": {"covered_lines": 0, "num_statements": 0, "percent_covered": 100.0, "percent_covered_display": "100", "missing_lines": 0, "excluded_lines": 6, "percent_statements_covered": 100.0, "percent_statements_covered_display": "100"}, "missing_lines": [], "excluded_lines": [53, 57, 67, 71, 75, 79], "start_line": 48}, "": {"executed_lines": [1, 3, 6, 9, 20, 23, 28, 31, 35, 39, 45, 48, 51, 55, 59, 69, 73, 77], "summary": {"covered_lines": 18, "num_statements": 18, "percent_covered": 100.0, "percent_covered_display": "100", "missing_lines": 0, "excluded_lines": 14, "percent_statements_covered": 100.0, "percent_statements_covered_display": "100"}, "missing_lines": [], "excluded_lines": [18, 19, 26, 27, 34, 38, 42, 43, 44, 54, 58, 68, 72, 76], "start_line": 1}}}, "src/value_investment/core/schemas.py": {"executed_lines": [2, 3, 6, 9, 12, 13, 14, 15, 18, 19, 20, 21, 22, 24, 25, 27, 30, 33, 34, 35], "summary": {"covered_lines": 20, "num_statements": 20, "percent_covered": 100.0, "percent_covered_display": "100", "missing_lines": 0, "excluded_lines": 0, "percent_statements_covered": 100.0, "percent_statements_covered_display": "100"}, "missing_lines": [], "excluded_lines": [], "functions": {"": {"executed_lines": [2, 3, 6, 9, 12, 13, 14, 15, 18, 19, 20, 21, 22, 24, 25, 27, 30, 33, 34, 35], "summary": {"covered_lines": 20, "num_statements": 20, "percent_covered": 100.0, "percent_covered_display": "100", "missing_lines": 0, "excluded_lines": 0, "percent_statements_covered": 100.0, "percent_statements_covered_display": "100"}, "missing_lines": [], "excluded_lines": [], "start_line": 1}}, "classes": {"CoreFinancialSchema": {"executed_lines": [], "summary": {"covered_lines": 0, "num_statements": 0, "percent_covered": 100.0, "percent_covered_display": "100", "missing_lines": 0, "excluded_lines": 0, "percent_statements_covered": 100.0, "percent_statements_covered_display": "100"}, "missing_lines": [], "excluded_lines": [], "start_line": 6}, "CoreFinancialSchema.Config": {"executed_lines": [], "summary": {"covered_lines": 0, "num_statements": 0, "percent_covered": 100.0, "percent_covered_display": "100", "missing_lines": 0, "excluded_lines": 0, "percent_statements_covered": 100.0, "percent_statements_covered_display": "100"}, "missing_lines": [], "excluded_lines": [], "start_line": 24}, "CoreFinancialSchemaLite": {"executed_lines": [], "summary": {"covered_lines": 0, "num_statements": 0, "percent_covered": 100.0, "percent_covered_display": "100", "missing_lines": 0, "excluded_lines": 0, "percent_statements_covered": 100.0, "percent_statements_covered_display": "100"}, "missing_lines": [], "excluded_lines": [], "start_line": 27}, "": {"executed_lines": [2, 3, 6, 9, 12, 13, 14, 15, 18, 19, 20, 21, 22, 24, 25, 27, 30, 33, 34, 35], "summary": {"covered_lines": 20, "num_statements": 20, "percent_covered": 100.0, "percent_covered_display": "100", "missing_lines": 0, "excluded_lines": 0, "percent_statements_covered": 100.0, "percent_statements_covered_display": "100"}, "missing_lines": [], "excluded_lines": [], "start_line": 1}}}, "src/value_investment/core/settings.py": {"executed_lines": [2, 3, 5, 8, 17, 25, 26, 29, 32, 34, 35, 37, 41], "summary": {"covered_lines": 13, "num_statements": 13, "percent_covered": 100.0, "percent_covered_display": "100", "missing_lines": 0, "excluded_lines": 0, "percent_statements_covered": 100.0, "percent_statements_covered_display": "100"}, "missing_lines": [], "excluded_lines": [], "functions": {"Settings.market_display": {"executed_lines": [37], "summary": {"covered_lines": 1, "num_statements": 1, "percent_covered": 100.0, "percent_covered_display": "100", "missing_lines": 0, "excluded_lines": 0, "percent_statements_covered": 100.0, "percent_statements_covered_display": "100"}, "missing_lines": [], "excluded_lines": [], "start_line": 35}, "": {"executed_lines": [2, 3, 5, 8, 17, 25, 26, 29, 32, 34, 35, 41], "summary": {"covered_lines": 12, "num_statements": 12, "percent_covered": 100.0, "percent_covered_display": "100", "missing_lines": 0, "excluded_lines": 0, "percent_statements_covered": 100.0, "percent_statements_covered_display": "100"}, "missing_lines": [], "excluded_lines": [], "start_line": 1}}, "classes": {"Settings": {"executed_lines": [37], "summary": {"covered_lines": 1, "num_statements": 1, "percent_covered": 100.0, "percent_covered_display": "100", "missing_lines": 0, "excluded_lines": 0, "percent_statements_covered": 100.0, "percent_statements_covered_display": "100"}, "missing_lines": [], "excluded_lines": [], "start_line": 8}, "": {"executed_lines": [2, 3, 5, 8, 17, 25, 26, 29, 32, 34, 35, 41], "summary": {"covered_lines": 12, "num_statements": 12, "percent_covered": 100.0, "percent_covered_display": "100", "missing_lines": 0, "excluded_lines": 0, "percent_statements_covered": 100.0, "percent_statements_covered_display": "100"}, "missing_lines": [], "excluded_lines": [], "start_line": 1}}}, "src/value_investment/core/validation.py": {"executed_lines": [1, 3, 5, 8, 9, 12, 14, 15, 17, 20, 21, 22, 24, 26, 29, 30, 31, 32, 34, 35, 36, 37, 38, 40, 42, 45], "summary": {"covered_lines": 26, "num_statements": 30, "percent_covered": 86.66666666666667, "percent_covered_display": "87", "missing_lines": 4, "excluded_lines": 0, "percent_statements_covered": 86.66666666666667, "percent_statements_covered_display": "87"}, "missing_lines": [27, 39, 41, 43], "excluded_lines": [], "functions": {"ValidationError.__str__": {"executed_lines": [15], "summary": {"covered_lines": 1, "num_statements": 1, "percent_covered": 100.0, "percent_covered_display": "100", "missing_lines": 0, "excluded_lines": 0, "percent_statements_covered": 100.0, "percent_statements_covered_display": "100"}, "missing_lines": [], "excluded_lines": [], "start_line": 14}, "ValidationPipeline.__init__": {"executed_lines": [21, 22], "summary": {"covered_lines": 2, "num_statements": 2, "percent_covered": 100.0, "percent_covered_display": "100", "missing_lines": 0, "excluded_lines": 0, "percent_statements_covered": 100.0, "percent_statements_covered_display": "100"}, "missing_lines": [], "excluded_lines": [], "start_line": 20}, "ValidationPipeline.validate": {"executed_lines": [26, 29, 30, 31, 32, 34, 35, 36, 37, 38, 40, 42, 45], "summary": {"covered_lines": 13, "num_statements": 17, "percent_covered": 76.47058823529412, "percent_covered_display": "76", "missing_lines": 4, "excluded_lines": 0, "percent_statements_covered": 76.47058823529412, "percent_statements_covered_display": "76"}, "missing_lines": [27, 39, 41, 43], "excluded_lines": [], "start_line": 24}, "": {"executed_lines": [1, 3, 5, 8, 9, 12, 14, 17, 20, 24], "summary": {"covered_lines": 10, "num_statements": 10, "percent_covered": 100.0, "percent_covered_display": "100", "missing_lines": 0, "excluded_lines": 0, "percent_statements_covered": 100.0, "percent_statements_covered_display": "100"}, "missing_lines": [], "excluded_lines": [], "start_line": 1}}, "classes": {"ValidationError": {"executed_lines": [15], "summary": {"covered_lines": 1, "num_statements": 1, "percent_covered": 100.0, "percent_covered_display": "100", "missing_lines": 0, "excluded_lines": 0, "percent_statements_covered": 100.0, "percent_statements_covered_display": "100"}, "missing_lines": [], "excluded_lines": [], "start_line": 9}, "ValidationPipeline": {"executed_lines": [21, 22, 26, 29, 30, 31, 32, 34, 35, 36, 37, 38, 40, 42, 45], "summary": {"covered_lines": 15, "num_statements": 19, "percent_covered": 78.94736842105263, "percent_covered_display": "79", "missing_lines": 4, "excluded_lines": 0, "percent_statements_covered": 78.94736842105263, "percent_statements_covered_display": "79"}, "missing_lines": [27, 39, 41, 43], "excluded_lines": [], "start_line": 17}, "": {"executed_lines": [1, 3, 5, 8, 9, 12, 14, 17, 20, 24], "summary": {"covered_lines": 10, "num_statements": 10, "percent_covered": 100.0, "percent_covered_display": "100", "missing_lines": 0, "excluded_lines": 0, "percent_statements_covered": 100.0, "percent_statements_covered_display": "100"}, "missing_lines": [], "excluded_lines": [], "start_line": 1}}}, "src/value_investment/data/__init__.py": {"executed_lines": [2, 3, 10], "summary": {"covered_lines": 3, "num_statements": 3, "percent_covered": 100.0, "percent_covered_display": "100", "missing_lines": 0, "excluded_lines": 0, "percent_statements_covered": 100.0, "percent_statements_covered_display": "100"}, "missing_lines": [], "excluded_lines": [], "functions": {"": {"executed_lines": [2, 3, 10], "summary": {"covered_lines": 3, "num_statements": 3, "percent_covered": 100.0, "percent_covered_display": "100", "missing_lines": 0, "excluded_lines": 0, "percent_statements_covered": 100.0, "percent_statements_covered_display": "100"}, "missing_lines": [], "excluded_lines": [], "start_line": 1}}, "classes": {"": {"executed_lines": [2, 3, 10], "summary": {"covered_lines": 3, "num_statements": 3, "percent_covered": 100.0, "percent_covered_display": "100", "missing_lines": 0, "excluded_lines": 0, "percent_statements_covered": 100.0, "percent_statements_covered_display": "100"}, "missing_lines": [], "excluded_lines": [], "start_line": 1}}}, "src/value_investment/data/cache.py": {"executed_lines": [2, 4, 5, 6, 8, 9, 11, 14, 24, 25, 26, 27, 29, 31, 32, 36, 38, 39, 41, 63, 64, 66, 75, 94, 98, 99, 102, 103, 104, 107, 108, 109, 112, 114, 116, 148, 149, 151, 152, 153, 154, 156, 157, 158, 161, 163, 165, 166, 167, 170, 171, 172, 174, 176, 178, 179, 184, 187, 189, 197, 200, 203, 207, 223, 225, 229, 234, 236, 237, 238, 239, 241, 243, 245], "summary": {"covered_lines": 74, "num_statements": 80, "percent_covered": 92.5, "percent_covered_display": "92", "missing_lines": 6, "excluded_lines": 0, "percent_statements_covered": 92.5, "percent_statements_covered_display": "92"}, "missing_lines": [33, 34, 95, 194, 232, 247], "excluded_lines": [], "functions": {"SmartCache.__init__": {"executed_lines": [25, 26, 27], "summary": {"covered_lines": 3, "num_statements": 3, "percent_covered": 100.0, "percent_covered_display": "100", "missing_lines": 0, "excluded_lines": 0, "percent_statements_covered": 100.0, "percent_statements_covered_display": "100"}, "missing_lines": [], "excluded_lines": [], "start_line": 24}, "SmartCache.get": {"executed_lines": [31, 32], "summary": {"covered_lines": 2, "num_statements": 4, "percent_covered": 50.0, "percent_covered_display": "50", "missing_lines": 2, "excluded_lines": 0, "percent_statements_covered": 50.0, "percent_statements_covered_display": "50"}, "missing_lines": [33, 34], "excluded_lines": [], "start_line": 29}, "SmartCache.set": {"executed_lines": [38, 39], "summary": {"covered_lines": 2, "num_statements": 2, "percent_covered": 100.0, "percent_covered_display": "100", "missing_lines": 0, "excluded_lines": 0, "percent_statements_covered": 100.0, "percent_statements_covered_display": "100"}, "missing_lines": [], "excluded_lines": [], "start_line": 36}, "SmartCache.get_or_fetch": {"executed_lines": [63, 64, 66], "summary": {"covered_lines": 3, "num_statements": 3, "percent_covered": 100.0, "percent_covered_display": "100", "missing_lines": 0, "excluded_lines": 0, "percent_statements_covered": 100.0, "percent_statements_covered_display": "100"}, "missing_lines": [], "excluded_lines": [], "start_line": 41}, "SmartCache._filter_by_date_range": {"executed_lines": [94, 98, 99, 102, 103, 104, 107, 108, 109, 112, 114], "summary": {"covered_lines": 11, "num_statements": 12, "percent_covered": 91.66666666666667, "percent_covered_display": "92", "missing_lines": 1, "excluded_lines": 0, "percent_statements_covered": 91.66666666666667, "percent_statements_covered_display": "92"}, "missing_lines": [95], "excluded_lines": [], "start_line": 75}, "SmartCache.get_or_fetch_with_range": {"executed_lines": [148, 149, 151, 152, 153, 154, 156, 157, 158, 161, 163, 165, 166, 167, 170, 171, 172, 174, 176, 178, 179, 184, 187, 189, 197, 200, 203], "summary": {"covered_lines": 27, "num_statements": 28, "percent_covered": 96.42857142857143, "percent_covered_display": "96", "missing_lines": 1, "excluded_lines": 0, "percent_statements_covered": 96.42857142857143, "percent_statements_covered_display": "96"}, "missing_lines": [194], "excluded_lines": [], "start_line": 116}, "SmartCache._set_with_metadata": {"executed_lines": [223, 225, 229], "summary": {"covered_lines": 3, "num_statements": 4, "percent_covered": 75.0, "percent_covered_display": "75", "missing_lines": 1, "excluded_lines": 0, "percent_statements_covered": 75.0, "percent_statements_covered_display": "75"}, "missing_lines": [232], "excluded_lines": [], "start_line": 207}, "SmartCache.invalidate": {"executed_lines": [236, 237, 238, 239], "summary": {"covered_lines": 4, "num_statements": 4, "percent_covered": 100.0, "percent_covered_display": "100", "missing_lines": 0, "excluded_lines": 0, "percent_statements_covered": 100.0, "percent_statements_covered_display": "100"}, "missing_lines": [], "excluded_lines": [], "start_line": 234}, "SmartCache.list_keys": {"executed_lines": [243], "summary": {"covered_lines": 1, "num_statements": 1, "percent_covered": 100.0, "percent_covered_display": "100", "missing_lines": 0, "excluded_lines": 0, "percent_statements_covered": 100.0, "percent_statements_covered_display": "100"}, "missing_lines": [], "excluded_lines": [], "start_line": 241}, "SmartCache.close": {"executed_lines": [], "summary": {"covered_lines": 0, "num_statements": 1, "percent_covered": 0.0, "percent_covered_display": "0", "missing_lines": 1, "excluded_lines": 0, "percent_statements_covered": 0.0, "percent_statements_covered_display": "0"}, "missing_lines": [247], "excluded_lines": [], "start_line": 245}, "": {"executed_lines": [2, 4, 5, 6, 8, 9, 11, 14, 24, 29, 36, 41, 75, 116, 207, 234, 241, 245], "summary": {"covered_lines": 18, "num_statements": 18, "percent_covered": 100.0, "percent_covered_display": "100", "missing_lines": 0, "excluded_lines": 0, "percent_statements_covered": 100.0, "percent_statements_covered_display": "100"}, "missing_lines": [], "excluded_lines": [], "start_line": 1}}, "classes": {"SmartCache": {"executed_lines": [25, 26, 27, 31, 32, 38, 39, 63, 64, 66, 94, 98, 99, 102, 103, 104, 107, 108, 109, 112, 114, 148, 149, 151, 152, 153, 154, 156, 157, 158, 161, 163, 165, 166, 167, 170, 171, 172, 174, 176, 178, 179, 184, 187, 189, 197, 200, 203, 223, 225, 229, 236, 237, 238, 239, 243], "summary": {"covered_lines": 56, "num_statements": 62, "percent_covered": 90.3225806451613, "percent_covered_display": "90", "missing_lines": 6, "excluded_lines": 0, "percent_statements_covered": 90.3225806451613, "percent_statements_covered_display": "90"}, "missing_lines": [33, 34, 95, 194, 232, 247], "excluded_lines": [], "start_line": 14}, "": {"executed_lines": [2, 4, 5, 6, 8, 9, 11, 14, 24, 29, 36, 41, 75, 116, 207, 234, 241, 245], "summary": {"covered_lines": 18, "num_statements": 18, "percent_covered": 100.0, "percent_covered_display": "100", "missing_lines": 0, "excluded_lines": 0, "percent_statements_covered": 100.0, "percent_statements_covered_display": "100"}, "missing_lines": [], "excluded_lines": [], "start_line": 1}}}, "src/value_investment/data/mapper.py": {"executed_lines": [2, 4, 12, 213, 216, 220, 221, 223, 224, 225, 226, 230, 242, 542, 604, 608, 712, 769, 833, 839, 840, 851, 852, 853, 855, 856, 867, 868, 869, 871, 872, 879, 885, 886, 897, 900, 901, 904, 905, 906, 909, 912, 915, 916, 918, 920, 921, 932, 935, 936, 939, 940, 941, 944, 947, 950, 951, 953, 955, 956, 967, 970, 971, 974, 975, 976, 979, 982, 985, 986, 988, 990, 991, 994, 996, 997, 1001, 1002, 1005, 1006, 1009, 1010, 1011, 1012, 1013, 1015, 1017, 1018, 1021, 1022, 1024, 1026, 1027, 1034, 1035, 1036, 1038, 1040, 1041, 1053, 1056, 1059, 1063, 1066, 1068, 1069, 1085, 1086, 1106, 1108, 1109, 1113, 1115, 1116, 1120, 1123, 1124, 1125, 1126, 1127, 1130, 1131, 1132, 1133, 1134, 1135, 1138, 1139, 1143, 1146, 1147, 1148, 1151, 1152, 1153, 1154, 1155, 1158, 1159, 1161, 1163, 1164, 1179, 1183, 1184, 1199, 1208, 1216, 1217, 1230, 1231, 1233, 1234, 1235, 1237, 1240, 1241, 1242, 1245, 1246, 1247, 1248, 1249, 1253, 1254, 1256, 1257, 1258, 1259, 1260, 1262, 1263, 1269, 1270, 1272, 1274, 1275, 1276, 1278, 1279, 1281], "summary": {"covered_lines": 181, "num_statements": 196, "percent_covered": 92.34693877551021, "percent_covered_display": "92", "missing_lines": 15, "excluded_lines": 0, "percent_statements_covered": 92.34693877551021, "percent_statements_covered_display": "92"}, "missing_lines": [898, 933, 968, 1054, 1060, 1064, 1071, 1072, 1073, 1074, 1077, 1079, 1107, 1110, 1251], "excluded_lines": [], "functions": {"_build_reverse_index": {"executed_lines": [220, 221, 223, 224, 225, 226], "summary": {"covered_lines": 6, "num_statements": 6, "percent_covered": 100.0, "percent_covered_display": "100", "missing_lines": 0, "excluded_lines": 0, "percent_statements_covered": 100.0, "percent_statements_covered_display": "100"}, "missing_lines": [], "excluded_lines": [], "start_line": 216}, "DataMapper.get_market_field": {"executed_lines": [851, 852, 853], "summary": {"covered_lines": 3, "num_statements": 3, "percent_covered": 100.0, "percent_covered_display": "100", "missing_lines": 0, "excluded_lines": 0, "percent_statements_covered": 100.0, "percent_statements_covered_display": "100"}, "missing_lines": [], "excluded_lines": [], "start_line": 840}, "DataMapper.get_standard_field": {"executed_lines": [867, 868, 869], "summary": {"covered_lines": 3, "num_statements": 3, "percent_covered": 100.0, "percent_covered_display": "100", "missing_lines": 0, "excluded_lines": 0, "percent_statements_covered": 100.0, "percent_statements_covered_display": "100"}, "missing_lines": [], "excluded_lines": [], "start_line": 856}, "DataMapper.list_core_fields": {"executed_lines": [879], "summary": {"covered_lines": 1, "num_statements": 1, "percent_covered": 100.0, "percent_covered_display": "100", "missing_lines": 0, "excluded_lines": 0, "percent_statements_covered": 100.0, "percent_statements_covered_display": "100"}, "missing_lines": [], "excluded_lines": [], "start_line": 872}, "DataMapper.map_balance_sheet": {"executed_lines": [897, 900, 901, 904, 905, 906, 909, 912, 915, 916, 918], "summary": {"covered_lines": 11, "num_statements": 12, "percent_covered": 91.66666666666667, "percent_covered_display": "92", "missing_lines": 1, "excluded_lines": 0, "percent_statements_covered": 91.66666666666667, "percent_statements_covered_display": "92"}, "missing_lines": [898], "excluded_lines": [], "start_line": 886}, "DataMapper.map_income_statement": {"executed_lines": [932, 935, 936, 939, 940, 941, 944, 947, 950, 951, 953], "summary": {"covered_lines": 11, "num_statements": 12, "percent_covered": 91.66666666666667, "percent_covered_display": "92", "missing_lines": 1, "excluded_lines": 0, "percent_statements_covered": 91.66666666666667, "percent_statements_covered_display": "92"}, "missing_lines": [933], "excluded_lines": [], "start_line": 921}, "DataMapper.map_cash_flow": {"executed_lines": [967, 970, 971, 974, 975, 976, 979, 982, 985, 986, 988], "summary": {"covered_lines": 11, "num_statements": 12, "percent_covered": 91.66666666666667, "percent_covered_display": "92", "missing_lines": 1, "excluded_lines": 0, "percent_statements_covered": 91.66666666666667, "percent_statements_covered_display": "92"}, "missing_lines": [968], "excluded_lines": [], "start_line": 956}, "DataMapper._calculate_balance_derived_fields": {"executed_lines": [994], "summary": {"covered_lines": 1, "num_statements": 1, "percent_covered": 100.0, "percent_covered_display": "100", "missing_lines": 0, "excluded_lines": 0, "percent_statements_covered": 100.0, "percent_statements_covered_display": "100"}, "missing_lines": [], "excluded_lines": [], "start_line": 991}, "DataMapper._calculate_income_derived_fields": {"executed_lines": [1001, 1002, 1005, 1006, 1009, 1010, 1011, 1012, 1013, 1015], "summary": {"covered_lines": 10, "num_statements": 10, "percent_covered": 100.0, "percent_covered_display": "100", "missing_lines": 0, "excluded_lines": 0, "percent_statements_covered": 100.0, "percent_statements_covered_display": "100"}, "missing_lines": [], "excluded_lines": [], "start_line": 997}, "DataMapper._calculate_cashflow_derived_fields": {"executed_lines": [1021, 1022, 1024], "summary": {"covered_lines": 3, "num_statements": 3, "percent_covered": 100.0, "percent_covered_display": "100", "missing_lines": 0, "excluded_lines": 0, "percent_statements_covered": 100.0, "percent_statements_covered_display": "100"}, "missing_lines": [], "excluded_lines": [], "start_line": 1018}, "DataMapper._preserve_original_fields": {"executed_lines": [1034, 1035, 1036, 1038], "summary": {"covered_lines": 4, "num_statements": 4, "percent_covered": 100.0, "percent_covered_display": "100", "missing_lines": 0, "excluded_lines": 0, "percent_statements_covered": 100.0, "percent_statements_covered_display": "100"}, "missing_lines": [], "excluded_lines": [], "start_line": 1027}, "DataMapper.to_standard_format": {"executed_lines": [1053, 1056, 1059, 1063, 1066], "summary": {"covered_lines": 5, "num_statements": 8, "percent_covered": 62.5, "percent_covered_display": "62", "missing_lines": 3, "excluded_lines": 0, "percent_statements_covered": 62.5, "percent_statements_covered_display": "62"}, "missing_lines": [1054, 1060, 1064], "excluded_lines": [], "start_line": 1041}, "DataMapper.get_standard_columns": {"executed_lines": [], "summary": {"covered_lines": 0, "num_statements": 6, "percent_covered": 0.0, "percent_covered_display": "0", "missing_lines": 6, "excluded_lines": 0, "percent_statements_covered": 0.0, "percent_statements_covered_display": "0"}, "missing_lines": [1071, 1072, 1073, 1074, 1077, 1079], "excluded_lines": [], "start_line": 1069}, "DataMapper.apply_hierarchical_mapping": {"executed_lines": [1106, 1108, 1109, 1113, 1115, 1116, 1120, 1123, 1124, 1125, 1126, 1127, 1130, 1131, 1132, 1133, 1134, 1135, 1138, 1139, 1143, 1146, 1147, 1148, 1151, 1152, 1153, 1154, 1155, 1158, 1159, 1161], "summary": {"covered_lines": 32, "num_statements": 34, "percent_covered": 94.11764705882354, "percent_covered_display": "94", "missing_lines": 2, "excluded_lines": 0, "percent_statements_covered": 94.11764705882354, "percent_statements_covered_display": "94"}, "missing_lines": [1107, 1110], "excluded_lines": [], "start_line": 1086}, "DataMapper.map_financial_indicator": {"executed_lines": [1179], "summary": {"covered_lines": 1, "num_statements": 1, "percent_covered": 100.0, "percent_covered_display": "100", "missing_lines": 0, "excluded_lines": 0, "percent_statements_covered": 100.0, "percent_statements_covered_display": "100"}, "missing_lines": [], "excluded_lines": [], "start_line": 1164}, "DataMapper.map_quarterly": {"executed_lines": [1199], "summary": {"covered_lines": 1, "num_statements": 1, "percent_covered": 100.0, "percent_covered_display": "100", "missing_lines": 0, "excluded_lines": 0, "percent_statements_covered": 100.0, "percent_statements_covered_display": "100"}, "missing_lines": [], "excluded_lines": [], "start_line": 1184}, "DataMapper.get_standard_fields": {"executed_lines": [1230, 1231, 1233, 1234, 1235, 1237, 1240, 1241, 1242, 1245, 1246, 1247, 1248, 1249], "summary": {"covered_lines": 14, "num_statements": 15, "percent_covered": 93.33333333333333, "percent_covered_display": "93", "missing_lines": 1, "excluded_lines": 0, "percent_statements_covered": 93.33333333333333, "percent_statements_covered_display": "93"}, "missing_lines": [1251], "excluded_lines": [], "start_line": 1217}, "DataMapper._extract_standard_fields": {"executed_lines": [1256, 1257, 1258, 1259, 1260], "summary": {"covered_lines": 5, "num_statements": 5, "percent_covered": 100.0, "percent_covered_display": "100", "missing_lines": 0, "excluded_lines": 0, "percent_statements_covered": 100.0, "percent_statements_covered_display": "100"}, "missing_lines": [], "excluded_lines": [], "start_line": 1254}, "DataMapper._extract_standard_fields_hierarchical": {"executed_lines": [1269, 1270, 1272, 1274, 1
[...]
: 2, "excluded_lines": 0, "percent_statements_covered": 86.66666666666667, "percent_statements_covered_display": "87"}, "missing_lines": [115, 124], "excluded_lines": [], "start_line": 89}, "": {"executed_lines": [3, 5, 8, 11, 12, 13, 15, 33, 36, 47, 50, 51, 52, 54, 75, 78, 89, 92, 93, 94, 96, 114, 117], "summary": {"covered_lines": 23, "num_statements": 23, "percent_covered": 100.0, "percent_covered_display": "100", "missing_lines": 0, "excluded_lines": 0, "percent_statements_covered": 100.0, "percent_statements_covered_display": "100"}, "missing_lines": [], "excluded_lines": [], "start_line": 1}}}, "src/value_investment/indicators/valuation.py": {"executed_lines": [3, 5, 6, 9, 17, 18, 19, 20, 22, 24, 26, 27, 28, 31, 34, 42, 44, 45, 48, 49, 50, 52, 54, 55, 56, 57, 83, 84, 179, 182, 193, 207, 208, 209, 210, 212, 214, 215, 216, 219, 220, 221, 224, 225, 226, 227, 239, 240, 242, 243, 251, 252, 253, 255, 264, 265, 274, 275, 276, 284, 295, 297, 299, 300, 301, 305, 308, 311, 312, 314, 318, 319, 321, 322, 323, 325, 328, 330, 333, 335, 337, 340, 341, 342, 343, 344, 345, 346, 348, 351, 359, 360, 361, 362, 364, 367, 368, 369, 370, 371, 372, 375, 378, 405, 585, 599, 785, 878, 1056, 1271], "summary": {"covered_lines": 110, "num_statements": 717, "percent_covered": 15.341701534170154, "percent_covered_display": "15", "missing_lines": 607, "excluded_lines": 0, "percent_statements_covered": 15.341701534170154, "percent_statements_covered_display": "15"}, "missing_lines": [58, 59, 60, 61, 62, 63, 64, 65, 66, 68, 69, 70, 71, 72, 73, 76, 77, 78, 79, 80, 81, 93, 94, 103, 104, 105, 106, 107, 108, 111, 113, 114, 115, 116, 117, 118, 119, 120, 121, 122, 123, 125, 126, 135, 137, 138, 147, 148, 150, 151, 160, 162, 170, 171, 180, 183, 184, 185, 186, 187, 188, 189, 190, 228, 230, 231, 232, 233, 234, 235, 236, 256, 302, 326, 338, 347, 386, 388, 389, 390, 393, 395, 396, 407, 409, 411, 412, 415, 416, 418, 420, 421, 427, 428, 429, 430, 431, 433, 434, 437, 438, 439, 440, 441, 443, 444, 446, 447, 448, 449, 452, 453, 454, 456, 457, 460, 461, 463, 464, 465, 466, 467, 468, 469, 470, 471, 473, 474, 475, 476, 478, 479, 482, 485, 486, 487, 490, 491, 492, 493, 494, 495, 496, 497, 499, 500, 501, 503, 504, 505, 506, 507, 509, 510, 514, 515, 516, 517, 518, 519, 520, 521, 522, 525, 528, 529, 531, 532, 534, 535, 536, 538, 540, 541, 543, 544, 546, 547, 548, 549, 550, 552, 553, 556, 557, 558, 559, 560, 561, 562, 564, 565, 568, 569, 570, 572, 573, 575, 577, 591, 601, 603, 606, 607, 608, 613, 614, 616, 618, 619, 623, 624, 625, 626, 627, 629, 630, 633, 634, 635, 636, 637, 639, 640, 642, 643, 644, 645, 648, 649, 650, 652, 653, 657, 658, 660, 661, 662, 664, 665, 666, 667, 668, 669, 671, 673, 674, 675, 677, 678, 681, 682, 685, 686, 687, 688, 691, 692, 693, 694, 695, 696, 697, 698, 699, 700, 701, 702, 703, 704, 705, 707, 708, 711, 712, 714, 715, 717, 718, 719, 720, 721, 722, 724, 726, 727, 728, 730, 731, 733, 734, 737, 738, 740, 741, 742, 743, 744, 746, 747, 750, 751, 752, 754, 756, 757, 758, 759, 761, 763, 764, 767, 768, 769, 771, 772, 775, 777, 787, 789, 791, 792, 795, 796, 797, 798, 799, 800, 801, 804, 805, 806, 807, 808, 811, 812, 813, 815, 816, 819, 823, 824, 827, 828, 831, 832, 833, 834, 835, 836, 837, 838, 839, 840, 843, 844, 845, 846, 848, 849, 850, 851, 852, 853, 854, 857, 858, 859, 861, 862, 863, 865, 866, 867, 868, 869, 871, 872, 876, 880, 882, 885, 886, 887, 888, 889, 890, 891, 894, 895, 896, 897, 898, 901, 902, 903, 905, 906, 909, 913, 914, 917, 918, 921, 922, 923, 924, 925, 926, 927, 928, 929, 930, 933, 934, 935, 936, 938, 939, 940, 941, 942, 943, 944, 947, 948, 949, 951, 952, 953, 955, 956, 957, 958, 959, 961, 963, 966, 967, 968, 969, 970, 971, 972, 973, 974, 975, 976, 977, 978, 979, 980, 982, 983, 986, 987, 989, 990, 992, 993, 995, 997, 998, 999, 1001, 1002, 1004, 1005, 1008, 1009, 1011, 1012, 1013, 1014, 1015, 1017, 1018, 1021, 1022, 1023, 1024, 1026, 1028, 1029, 1030, 1031, 1032, 1034, 1035, 1038, 1039, 1040, 1042, 1043, 1046, 1048, 1059, 1060, 1061, 1063, 1064, 1072, 1075, 1076, 1077, 1086, 1087, 1088, 1089, 1090, 1092, 1093, 1101, 1104, 1105, 1108, 1109, 1110, 1111, 1112, 1115, 1116, 1117, 1118, 1119, 1122, 1123, 1124, 1125, 1127, 1128, 1129, 1130, 1131, 1132, 1133, 1134, 1135, 1136, 1137, 1139, 1140, 1149, 1150, 1151, 1153, 1154, 1163, 1164, 1165, 1166, 1167, 1168, 1170, 1171, 1172, 1173, 1174, 1176, 1177, 1187, 1188, 1189, 1190, 1191, 1192, 1193, 1194, 1197, 1198, 1200, 1202, 1203, 1204, 1206, 1207, 1209, 1210, 1213, 1214, 1215, 1217, 1218, 1220, 1221, 1223, 1224, 1227, 1229, 1230, 1231, 1233, 1236, 1238, 1239, 1240, 1241, 1242, 1244, 1245, 1256, 1257, 1258, 1260, 1261, 1263, 1272], "excluded_lines": [], "functions": {"LatestMarketCapIndicator.calculate": {"executed_lines": [26, 27, 28, 31, 34, 42, 44, 45, 48, 49, 50, 52, 54, 55, 56, 57, 83, 84], "summary": {"covered_lines": 18, "num_statements": 72, "percent_covered": 25.0, "percent_covered_display": "25", "missing_lines": 54, "excluded_lines": 0, "percent_statements_covered": 25.0, "percent_statements_covered_display": "25"}, "missing_lines": [58, 59, 60, 61, 62, 63, 64, 65, 66, 68, 69, 70, 71, 72, 73, 76, 77, 78, 79, 80, 81, 93, 94, 103, 104, 105, 106, 107, 108, 111, 113, 114, 115, 116, 117, 118, 119, 120, 121, 122, 123, 125, 126, 135, 137, 138, 147, 148, 150, 151, 160, 162, 170, 171], "excluded_lines": [], "start_line": 24}, "LatestMarketCapIndicator.get_required_fields": {"executed_lines": [], "summary": {"covered_lines": 0, "num_statements": 1, "percent_covered": 0.0, "percent_covered_display": "0", "missing_lines": 1, "excluded_lines": 0, "percent_statements_covered": 0.0, "percent_statements_covered_display": "0"}, "missing_lines": [180], "excluded_lines": [], "start_line": 179}, "LatestMarketCapIndicator._find_column": {"executed_lines": [], "summary": {"covered_lines": 0, "num_statements": 8, "percent_covered": 0.0, "percent_covered_display": "0", "missing_lines": 8, "excluded_lines": 0, "percent_statements_covered": 0.0, "percent_statements_covered_display": "0"}, "missing_lines": [183, 184, 185, 186, 187, 188, 189, 190], "excluded_lines": [], "start_line": 182}, "ImpliedGrowthIndicator.calculate": {"executed_lines": [214, 215, 216, 219, 220, 221, 224, 225, 226, 227, 239, 240, 242, 243, 251, 252, 253, 255, 264, 265, 274, 275, 276], "summary": {"covered_lines": 23, "num_statements": 32, "percent_covered": 71.875, "percent_covered_display": "72", "missing_lines": 9, "excluded_lines": 0, "percent_statements_covered": 71.875, "percent_statements_covered_display": "72"}, "missing_lines": [228, 230, 231, 232, 233, 234, 235, 236, 256], "excluded_lines": [], "start_line": 212}, "ImpliedGrowthIndicator._calculate_implied_growth": {"executed_lines": [295, 297, 318, 319, 321, 322, 323, 325, 328, 330, 333, 335], "summary": {"covered_lines": 12, "num_statements": 13, "percent_covered": 92.3076923076923, "percent_covered_display": "92", "missing_lines": 1, "excluded_lines": 0, "percent_statements_covered": 92.3076923076923, "percent_statements_covered_display": "92"}, "missing_lines": [326], "excluded_lines": [], "start_line": 284}, "ImpliedGrowthIndicator._calculate_implied_growth.dcf_value": {"executed_lines": [299, 300, 301, 305, 308, 311, 312, 314], "summary": {"covered_lines": 8, "num_statements": 9, "percent_covered": 88.88888888888889, "percent_covered_display": "89", "missing_lines": 1, "excluded_lines": 0, "percent_statements_covered": 88.88888888888889, "percent_statements_covered_display": "89"}, "missing_lines": [302], "excluded_lines": [], "start_line": 297}, "ImpliedGrowthIndicator.get_required_fields": {"executed_lines": [], "summary": {"covered_lines": 0, "num_statements": 1, "percent_covered": 0.0, "percent_covered_display": "0", "missing_lines": 1, "excluded_lines": 0, "percent_statements_covered": 0.0, "percent_statements_covered_display": "0"}, "missing_lines": [338], "excluded_lines": [], "start_line": 337}, "ImpliedGrowthIndicator._find_column": {"executed_lines": [341, 342, 343, 344, 345, 346, 348], "summary": {"covered_lines": 7, "num_statements": 8, "percent_covered": 87.5, "percent_covered_display": "88", "missing_lines": 1, "excluded_lines": 0, "percent_statements_covered": 87.5, "percent_statements_covered_display": "88"}, "missing_lines": [347], "excluded_lines": [], "start_line": 340}, "PEPercentileIndicator.calculate": {"executed_lines": [367, 368, 369, 370, 371, 372, 375, 378], "summary": {"covered_lines": 8, "num_statements": 15, "percent_covered": 53.333333333333336, "percent_covered_display": "53", "missing_lines": 7, "excluded_lines": 0, "percent_statements_covered": 53.333333333333336, "percent_statements_covered_display": "53"}, "missing_lines": [386, 388, 389, 390, 393, 395, 396], "excluded_lines": [], "start_line": 364}, "PEPercentileIndicator._calculate_pe_ttm_percentile_with_data": {"executed_lines": [], "summary": {"covered_lines": 0, "num_statements": 116, "percent_covered": 0.0, "percent_covered_display": "0", "missing_lines": 116, "excluded_lines": 0, "percent_statements_covered": 0.0, "percent_statements_covered_display": "0"}, "missing_lines": [407, 409, 411, 412, 415, 416, 418, 420, 421, 427, 428, 429, 430, 431, 433, 434, 437, 438, 439, 440, 441, 443, 444, 446, 447, 448, 449, 452, 453, 454, 456, 457, 460, 461, 463, 464, 465, 466, 467, 468, 469, 470, 471, 473, 474, 475, 476, 478, 479, 482, 485, 486, 487, 490, 491, 492, 493, 494, 495, 496, 497, 499, 500, 501, 503, 504, 505, 506, 507, 509, 510, 514, 515, 516, 517, 518, 519, 520, 521, 522, 525, 528, 529, 531, 532, 534, 535, 536, 538, 540, 541, 543, 544, 546, 547, 548, 549, 550, 552, 553, 556, 557, 558, 559, 560, 561, 562, 564, 565, 568, 569, 570, 572, 573, 575, 577], "excluded_lines": [], "start_line": 405}, "PEPercentileIndicator._calculate_annual_pe_percentile_with_data": {"executed_lines": [], "summary": {"covered_lines": 0, "num_statements": 1, "percent_covered": 0.0, "percent_covered_display": "0", "missing_lines": 1, "excluded_lines": 0, "percent_statements_covered": 0.0, "percent_statements_covered_display": "0"}, "missing_lines": [591], "excluded_lines": [], "start_line": 585}, "PEPercentileIndicator._calculate_pe_ttm_percentile": {"executed_lines": [], "summary": {"covered_lines": 0, "num_statements": 118, "percent_covered": 0.0, "percent_covered_display": "0", "missing_lines": 118, "excluded_lines": 0, "percent_statements_covered": 0.0, "percent_statements_covered_display": "0"}, "missing_lines": [601, 603, 606, 607, 608, 613, 614, 616, 618, 619, 623, 624, 625, 626, 627, 629, 630, 633, 634, 635, 636, 637, 639, 640, 642, 643, 644, 645, 648, 649, 650, 652, 653, 657, 658, 660, 661, 662, 664, 665, 666, 667, 668, 669, 671, 673, 674, 675, 677, 678, 681, 682, 685, 686, 687, 688, 691, 692, 693, 694, 695, 696, 697, 698, 699, 700, 701, 702, 703, 704, 705, 707, 708, 711, 712, 714, 715, 717, 718, 719, 720, 721, 722, 724, 726, 727, 728, 730, 731, 733, 734, 737, 738, 740, 741, 742, 743, 744, 746, 747, 750, 751, 752, 754, 756, 757, 758, 759, 761, 763, 764, 767, 768, 769, 771, 772, 775, 777], "excluded_lines": [], "start_line": 599}, "PEPercentileIndicator._calculate_hk_pe_ttm_percentile_with_data": {"executed_lines": [], "summary": {"covered_lines": 0, "num_statements": 61, "percent_covered": 0.0, "percent_covered_display": "0", "missing_lines": 61, "excluded_lines": 0, "percent_statements_covered": 0.0, "percent_statements_covered_display": "0"}, "missing_lines": [787, 789, 791, 792, 795, 796, 797, 798, 799, 800, 801, 804, 805, 806, 807, 808, 811, 812, 813, 815, 816, 819, 823, 824, 827, 828, 831, 832, 833, 834, 835, 836, 837, 838, 839, 840, 843, 844, 845, 846, 848, 849, 850, 851, 852, 853, 854, 857, 858, 859, 861, 862, 863, 865, 866, 867, 868, 869, 871, 872, 876], "excluded_lines": [], "start_line": 785}, "PEPercentileIndicator._calculate_hk_pe_ttm_percentile": {"executed_lines": [], "summary": {"covered_lines": 0, "num_statements": 117, "percent_covered": 0.0, "percent_covered_display": "0", "missing_lines": 117, "excluded_lines": 0, "percent_statements_covered": 0.0, "percent_statements_covered_display": "0"}, "missing_lines": [880, 882, 885, 886, 887, 888, 889, 890, 891, 894, 895, 896, 897, 898, 901, 902, 903, 905, 906, 909, 913, 914, 917, 918, 921, 922, 923, 924, 925, 926, 927, 928, 929, 930, 933, 934, 935, 936, 938, 939, 940, 941, 942, 943, 944, 947, 948, 949, 951, 952, 953, 955, 956, 957, 958, 959, 961, 963, 966, 967, 968, 969, 970, 971, 972, 973, 974, 975, 976, 977, 978, 979, 980, 982, 983, 986, 987, 989, 990, 992, 993, 995, 997, 998, 999, 1001, 1002, 1004, 1005, 1008, 1009, 1011, 1012, 1013, 1014, 1015, 1017, 1018, 1021, 1022, 1023, 1024, 1026, 1028, 1029, 1030, 1031, 1032, 1034, 1035, 1038, 1039, 1040, 1042, 1043, 1046, 1048], "excluded_lines": [], "start_line": 878}, "PEPercentileIndicator._calculate_annual_pe_percentile": {"executed_lines": [], "summary": {"covered_lines": 0, "num_statements": 110, "percent_covered": 0.0, "percent_covered_display": "0", "missing_lines": 110, "excluded_lines": 0, "percent_statements_covered": 0.0, "percent_statements_covered_display": "0"}, "missing_lines": [1059, 1060, 1061, 1063, 1064, 1072, 1075, 1076, 1077, 1086, 1087, 1088, 1089, 1090, 1092, 1093, 1101, 1104, 1105, 1108, 1109, 1110, 1111, 1112, 1115, 1116, 1117, 1118, 1119, 1122, 1123, 1124, 1125, 1127, 1128, 1129, 1130, 1131, 1132, 1133, 1134, 1135, 1136, 1137, 1139, 1140, 1149, 1150, 1151, 1153, 1154, 1163, 1164, 1165, 1166, 1167, 1168, 1170, 1171, 1172, 1173, 1174, 1176, 1177, 1187, 1188, 1189, 1190, 1191, 1192, 1193, 1194, 1197, 1198, 1200, 1202, 1203, 1204, 1206, 1207, 1209, 1210, 1213, 1214, 1215, 1217, 1218, 1220, 1221, 1223, 1224, 1227, 1229, 1230, 1231, 1233, 1236, 1238, 1239, 1240, 1241, 1242, 1244, 1245, 1256, 1257, 1258, 1260, 1261, 1263], "excluded_lines": [], "start_line": 1056}, "PEPercentileIndicator.get_required_fields": {"executed_lines": [], "summary": {"covered_lines": 0, "num_statements": 1, "percent_covered": 0.0, "percent_covered_display": "0", "missing_lines": 1, "excluded_lines": 0, "percent_statements_covered": 0.0, "percent_statements_covered_display": "0"}, "missing_lines": [1272], "excluded_lines": [], "start_line": 1271}, "": {"executed_lines": [3, 5, 6, 9, 17, 18, 19, 20, 22, 24, 179, 182, 193, 207, 208, 209, 210, 212, 284, 337, 340, 351, 359, 360, 361, 362, 364, 405, 585, 599, 785, 878, 1056, 1271], "summary": {"covered_lines": 34, "num_statements": 34, "percent_covered": 100.0, "percent_covered_display": "100", "missing_lines": 0, "excluded_lines": 0, "percent_statements_covered": 100.0, "percent_statements_covered_display": "100"}, "missing_lines": [], "excluded_lines": [], "start_line": 1}}, "classes": {"LatestMarketCapIndicator": {"executed_lines": [26, 27, 28, 31, 34, 42, 44, 45, 48, 49, 50, 52, 54, 55, 56, 57, 83, 84], "summary": {"covered_lines": 18, "num_statements": 81, "percent_covered": 22.22222222222222, "percent_covered_display": "22", "missing_lines": 63, "excluded_lines": 0, "percent_statements_covered": 22.22222222222222, "percent_statements_covered_display": "22"}, "missing_lines": [58, 59, 60, 61, 62, 63, 64, 65, 66, 68, 69, 70, 71, 72, 73, 76, 77, 78, 79, 80, 81, 93, 94, 103, 104, 105, 106, 107, 108, 111, 113, 114, 115, 116, 117, 118, 119, 120, 121, 122, 123, 125, 126, 135, 137, 138, 147, 148, 150, 151, 160, 162, 170, 171, 180, 183, 184, 185, 186, 187, 188, 189, 190], "excluded_lines": [], "start_line": 9}, "ImpliedGrowthIndicator": {"executed_lines": [214, 215, 216, 219, 220, 221, 224, 225, 226, 227, 239, 240, 242, 243, 251, 252, 253, 255, 264, 265, 274, 275, 276, 295, 297, 299, 300, 301, 305, 308, 311, 312, 314, 318, 319, 321, 322, 323, 325, 328, 330, 333, 335, 341, 342, 343, 344, 345, 346, 348], "summary": {"covered_lines": 50, "num_statements": 63, "percent_covered": 79.36507936507937, "percent_covered_display": "79", "missing_lines": 13, "excluded_lines": 0, "percent_statements_covered": 79.36507936507937, "percent_statements_covered_display": "79"}, "missing_lines": [228, 230, 231, 232, 233, 234, 235, 236, 256, 302, 326, 338, 347], "excluded_lines": [], "start_line": 193}, "PEPercentileIndicator": {"executed_lines": [367, 368, 369, 370, 371, 372, 375, 378], "summary": {"covered_lines": 8, "num_statements": 539, "percent_covered": 1.484230055658627, "percent_covered_display": "1", "missing_lines": 531, "excluded_lines": 0, "percent_statements_covered": 1.484230055658627, "percent_statements_covered_display": "1"}, "missing_lines": [386, 388, 389, 390, 393, 395, 396, 407, 409, 411, 412, 415, 416, 418, 420, 421, 427, 428, 429, 430, 431, 433, 434, 437, 438, 439, 440, 441, 443, 444, 446, 447, 448, 449, 452, 453, 454, 456, 457, 460, 461, 463, 464, 465, 466, 467, 468, 469, 470, 471, 473, 474, 475, 476, 478, 479, 482, 485, 486, 487, 490, 491, 492, 493, 494, 495, 496, 497, 499, 500, 501, 503, 504, 505, 506, 507, 509, 510, 514, 515, 516, 517, 518, 519, 520, 521, 522, 525, 528, 529, 531, 532, 534, 535, 536, 538, 540, 541, 543, 544, 546, 547, 548, 549, 550, 552, 553, 556, 557, 558, 559, 560, 561, 562, 564, 565, 568, 569, 570, 572, 573, 575, 577, 591, 601, 603, 606, 607, 608, 613, 614, 616, 618, 619, 623, 624, 625, 626, 627, 629, 630, 633, 634, 635, 636, 637, 639, 640, 642, 643, 644, 645, 648, 649, 650, 652, 653, 657, 658, 660, 661, 662, 664, 665, 666, 667, 668, 669, 671, 673, 674, 675, 677, 678, 681, 682, 685, 686, 687, 688, 691, 692, 693, 694, 695, 696, 697, 698, 699, 700, 701, 702, 703, 704, 705, 707, 708, 711, 712, 714, 715, 717, 718, 719, 720, 721, 722, 724, 726, 727, 728, 730, 731, 733, 734, 737, 738, 740, 741, 742, 743, 744, 746, 747, 750, 751, 752, 754, 756, 757, 758, 759, 761, 763, 764, 767, 768, 769, 771, 772, 775, 777, 787, 789, 791, 792, 795, 796, 797, 798, 799, 800, 801, 804, 805, 806, 807, 808, 811, 812, 813, 815, 816, 819, 823, 824, 827, 828, 831, 832, 833, 834, 835, 836, 837, 838, 839, 840, 843, 844, 845, 846, 848, 849, 850, 851, 852, 853, 854, 857, 858, 859, 861, 862, 863, 865, 866, 867, 868, 869, 871, 872, 876, 880, 882, 885, 886, 887, 888, 889, 890, 891, 894, 895, 896, 897, 898, 901, 902, 903, 905, 906, 909, 913, 914, 917, 918, 921, 922, 923, 924, 925, 926, 927, 928, 929, 930, 933, 934, 935, 936, 938, 939, 940, 941, 942, 943, 944, 947, 948, 949, 951, 952, 953, 955, 956, 957, 958, 959, 961, 963, 966, 967, 968, 969, 970, 971, 972, 973, 974, 975, 976, 977, 978, 979, 980, 982, 983, 986, 987, 989, 990, 992, 993, 995, 997, 998, 999, 1001, 1002, 1004, 1005, 1008, 1009, 1011, 1012, 1013, 1014, 1015, 1017, 1018, 1021, 1022, 1023, 1024, 1026, 1028, 1029, 1030, 1031, 1032, 1034, 1035, 1038, 1039, 1040, 1042, 1043, 1046, 1048, 1059, 1060, 1061, 1063, 1064, 1072, 1075, 1076, 1077, 1086, 1087, 1088, 1089, 1090, 1092, 1093, 1101, 1104, 1105, 1108, 1109, 1110, 1111, 1112, 1115, 1116, 1117, 1118, 1119, 1122, 1123, 1124, 1125, 1127, 1128, 1129, 1130, 1131, 1132, 1133, 1134, 1135, 1136, 1137, 1139, 1140, 1149, 1150, 1151, 1153, 1154, 1163, 1164, 1165, 1166, 1167, 1168, 1170, 1171, 1172, 1173, 1174, 1176, 1177, 1187, 1188, 1189, 1190, 1191, 1192, 1193, 1194, 1197, 1198, 1200, 1202, 1203, 1204, 1206, 1207, 1209, 1210, 1213, 1214, 1215, 1217, 1218, 1220, 1221, 1223, 1224, 1227, 1229, 1230, 1231, 1233, 1236, 1238, 1239, 1240, 1241, 1242, 1244, 1245, 1256, 1257, 1258, 1260, 1261, 1263, 1272], "excluded_lines": [], "start_line": 351}, "": {"executed_lines": [3, 5, 6, 9, 17, 18, 19, 20, 22, 24, 179, 182, 193, 207, 208, 209, 210, 212, 284, 337, 340, 351, 359, 360, 361, 362, 364, 405, 585, 599, 785, 878, 1056, 1271], "summary": {"covered_lines": 34, "num_statements": 34, "percent_covered": 100.0, "percent_covered_display": "100", "missing_lines": 0, "excluded_lines": 0, "percent_statements_covered": 100.0, "percent_statements_covered_display": "100"}, "missing_lines": [], "excluded_lines": [], "start_line": 1}}}}, "totals": {"covered_lines": 2651, "num_statements": 4047, "percent_covered": 65.5053125772177, "percent_covered_display": "66", "missing_lines": 1396, "excluded_lines": 47, "percent_statements_covered": 65.5053125772177, "percent_statements_covered_display": "66"}}